[2025-10-14 09:35:30:1453][background-preinit] INFO  o.h.validator.internal.util.Version - HV000001: Hibernate Validator 8.0.3.Final
[2025-10-14 09:35:30:1524][restartedMain] INFO  i.back.back_app.BackAppApplication - Starting BackAppApplication using Java 21.0.7 with PID 9628 (C:\uiux_class\library\back-library\build\classes\java\main started by ITSC in C:\uiux_class\library\back-library)
[2025-10-14 09:35:30:1525][restartedMain] INFO  i.back.back_app.BackAppApplication - No active profile set, falling back to 1 default profile: "default"
[2025-10-14 09:35:30:1605][restartedMain] INFO  o.s.b.d.e.DevToolsPropertyDefaultsPostProcessor - Devtools property defaults active! Set 'spring.devtools.add-properties' to 'false' to disable
[2025-10-14 09:35:30:1605][restartedMain] INFO  o.s.b.d.e.DevToolsPropertyDefaultsPostProcessor - For additional web related logging consider setting the 'logging.level.web' property to 'DEBUG'
[2025-10-14 09:35:32:3472][restartedMain] INFO  o.s.d.r.c.RepositoryConfigurationDelegate - Bootstrapping Spring Data JPA repositories in DEFAULT mode.
[2025-10-14 09:35:32:3596][restartedMain] INFO  o.s.d.r.c.RepositoryConfigurationDelegate - Finished Spring Data repository scanning in 110 ms. Found 4 JPA repository interfaces.
[2025-10-14 09:35:33:4489][restartedMain] INFO  o.s.b.w.e.tomcat.TomcatWebServer - Tomcat initialized with port 9090 (http)
[2025-10-14 09:35:33:4510][restartedMain] INFO  o.a.coyote.http11.Http11NioProtocol - Initializing ProtocolHandler ["http-nio-9090"]
[2025-10-14 09:35:33:4514][restartedMain] INFO  o.a.catalina.core.StandardService - Starting service [Tomcat]
[2025-10-14 09:35:33:4514][restartedMain] INFO  o.a.catalina.core.StandardEngine - Starting Servlet engine: [Apache Tomcat/10.1.46]
[2025-10-14 09:35:33:4614][restartedMain] INFO  o.a.c.c.C.[Tomcat].[localhost].[/] - Initializing Spring embedded WebApplicationContext
[2025-10-14 09:35:33:4615][restartedMain] INFO  o.s.b.w.s.c.ServletWebServerApplicationContext - Root WebApplicationContext: initialization completed in 3008 ms
[2025-10-14 09:35:34:4919][restartedMain] INFO  o.h.jpa.internal.util.LogHelper - HHH000204: Processing PersistenceUnitInfo [name: default]
[2025-10-14 09:35:34:4977][restartedMain] INFO  org.hibernate.Version - HHH000412: Hibernate ORM core version 6.6.29.Final
[2025-10-14 09:35:34:5028][restartedMain] INFO  o.h.c.i.RegionFactoryInitiator - HHH000026: Second-level cache disabled
[2025-10-14 09:35:34:5305][restartedMain] INFO  o.s.o.j.p.SpringPersistenceUnitInfo - No LoadTimeWeaver setup: ignoring JPA class transformer
[2025-10-14 09:35:34:5336][restartedMain] INFO  com.zaxxer.hikari.HikariDataSource - HikariPool-1 - Starting...
[2025-10-14 09:35:34:5433][restartedMain] INFO  com.zaxxer.hikari.pool.HikariPool - HikariPool-1 - Added connection org.mariadb.jdbc.Connection@792015e
[2025-10-14 09:35:34:5435][restartedMain] INFO  com.zaxxer.hikari.HikariDataSource - HikariPool-1 - Start completed.
[2025-10-14 09:35:34:5458][restartedMain] WARN  org.hibernate.orm.deprecation - HHH90000025: MariaDBDialect does not need to be specified explicitly using 'hibernate.dialect' (remove the property setting and it will be selected by default)
[2025-10-14 09:35:34:5476][restartedMain] INFO  o.hibernate.orm.connections.pooling - HHH10001005: Database info:
	Database JDBC URL [Connecting through datasource 'p6SpyDataSourceDecorator [com.p6spy.engine.spy.P6DataSource] -> dataSource [com.zaxxer.hikari.HikariDataSource]']
	Database driver: undefined/unknown
	Database version: 11.8.2
	Autocommit mode: undefined/unknown
	Isolation level: undefined/unknown
	Minimum pool size: undefined/unknown
	Maximum pool size: undefined/unknown
[2025-10-14 09:35:35:6681][restartedMain] INFO  o.h.e.t.j.p.i.JtaPlatformInitiator - HHH000489: No JTA platform available (set 'hibernate.transaction.jta.platform' to enable JTA platform integration)
[2025-10-14 09:35:35:6739][restartedMain] INFO  p6spy - 25.10.14 09:35:35 | OperationTime : 34ms | 
(P6Spy sql,Hibernate format):

    select
        table_name 
    from
        information_schema.TABLES 
    where
        table_schema=database() 
        and table_type='SEQUENCE'
[2025-10-14 09:35:35:6759][restartedMain] INFO  o.s.o.j.LocalContainerEntityManagerFactoryBean - Initialized JPA EntityManagerFactory for persistence unit 'default'
[2025-10-14 09:35:36:6992][restartedMain] INFO  o.s.d.j.r.q.QueryEnhancerFactory - Hibernate is in classpath; If applicable, HQL parser will be used.
[2025-10-14 09:35:37:7987][restartedMain] INFO  o.s.s.c.a.a.c.InitializeAuthenticationProviderBeanManagerConfigurer$InitializeAuthenticationProviderManagerConfigurer - Global AuthenticationManager configured with AuthenticationProvider bean with name authProvider
[2025-10-14 09:35:37:7988][restartedMain] WARN  o.s.s.c.a.a.c.InitializeUserDetailsBeanManagerConfigurer$InitializeUserDetailsManagerConfigurer - Global AuthenticationManager configured with an AuthenticationProvider bean. UserDetailsService beans will not be used by Spring Security for automatically configuring username/password login. Consider removing the AuthenticationProvider bean. Alternatively, consider using the UserDetailsService in a manually instantiated DaoAuthenticationProvider. If the current configuration is intentional, to turn off this warning, increase the logging level of 'org.springframework.security.config.annotation.authentication.configuration.InitializeUserDetailsBeanManagerConfigurer' to ERROR
[2025-10-14 09:35:37:8164][restartedMain] WARN  o.s.s.c.a.web.builders.WebSecurity - You are asking Spring Security to ignore Deferred [Mvc [pattern='/static/imgs/**'], Ant [pattern='/static/imgs/**']]. This is not recommended -- please use permitAll via HttpSecurity#authorizeHttpRequests instead.
[2025-10-14 09:35:37:8164][restartedMain] WARN  o.s.s.c.a.web.builders.WebSecurity - You are asking Spring Security to ignore org.springframework.boot.autoconfigure.security.servlet.StaticResourceRequest$StaticResourceRequestMatcher@442361ca. This is not recommended -- please use permitAll via HttpSecurity#authorizeHttpRequests instead.
[2025-10-14 09:35:37:8447][restartedMain] INFO  o.s.b.d.a.OptionalLiveReloadServer - LiveReload server is running on port 35729
[2025-10-14 09:35:37:8464][restartedMain] INFO  o.a.coyote.http11.Http11NioProtocol - Starting ProtocolHandler ["http-nio-9090"]
[2025-10-14 09:35:37:8478][restartedMain] INFO  o.s.b.w.e.tomcat.TomcatWebServer - Tomcat started on port 9090 (http) with context path '/'
[2025-10-14 09:35:37:8485][restartedMain] INFO  i.back.back_app.BackAppApplication - Started BackAppApplication in 7.711 seconds (process running for 9.302)
[2025-10-14 10:12:10:2200906][http-nio-9090-exec-1] INFO  o.a.c.c.C.[Tomcat].[localhost].[/] - Initializing Spring DispatcherServlet 'dispatcherServlet'
[2025-10-14 10:12:10:2200906][http-nio-9090-exec-1] INFO  o.s.web.servlet.DispatcherServlet - Initializing Servlet 'dispatcherServlet'
[2025-10-14 10:12:10:2200907][http-nio-9090-exec-1] INFO  o.s.web.servlet.DispatcherServlet - Completed initialization in 1 ms
[2025-10-14 10:12:10:2200929][http-nio-9090-exec-1] INFO  it.back.back_app.filter.JWTFilter - accessToken is null
[2025-10-14 10:12:10:2200946][http-nio-9090-exec-1] INFO  i.b.b.b.c.BookRestController - ------------ 책 리스트 가져오기 -------------
[2025-10-14 10:12:10:2200998][http-nio-9090-exec-1] DEBUG org.hibernate.SQL - 
    select
        be1_0.book_id,
        be1_0.book_name,
        be1_0.book_type,
        be1_0.create_date,
        be1_0.intro,
        be1_0.price,
        be1_0.publication_date,
        be1_0.publishing_id,
        be1_0.short_intro,
        be1_0.stock,
        be1_0.update_date 
    from
        book be1_0 
    order by
        be1_0.create_date desc 
    limit
        ?, ?
[2025-10-14 10:12:10:2201037][http-nio-9090-exec-1] INFO  p6spy - 25.10.14 10:12:10 | OperationTime : 36ms | 
(P6Spy sql,Hibernate format):

    select
        be1_0.book_id,
        be1_0.book_name,
        be1_0.book_type,
        be1_0.create_date,
        be1_0.intro,
        be1_0.price,
        be1_0.publication_date,
        be1_0.publishing_id,
        be1_0.short_intro,
        be1_0.stock,
        be1_0.update_date 
    from
        book be1_0 
    order by
        be1_0.create_date desc 
    limit
        0, 10
[2025-10-14 10:12:10:2201075][http-nio-9090-exec-1] DEBUG org.hibernate.SQL - 
    select
        phe1_0.publishing_id,
        phe1_0.create_date,
        phe1_0.publishing_name,
        phe1_0.update_date 
    from
        publishing_house phe1_0 
    where
        phe1_0.publishing_id=?
[2025-10-14 10:12:10:2201078][http-nio-9090-exec-1] INFO  p6spy - 25.10.14 10:12:10 | OperationTime : 1ms | 
(P6Spy sql,Hibernate format):

    select
        phe1_0.publishing_id,
        phe1_0.create_date,
        phe1_0.publishing_name,
        phe1_0.update_date 
    from
        publishing_house phe1_0 
    where
        phe1_0.publishing_id=2
[2025-10-14 10:12:10:2201080][http-nio-9090-exec-1] DEBUG org.hibernate.SQL - 
    select
        a1_0.book_id,
        a1_1.author_id,
        a1_1.author_name,
        a1_1.birth_date,
        a1_1.create_date,
        a1_1.intro,
        a1_1.nationality,
        a1_1.update_date 
    from
        book_author a1_0 
    join
        author a1_1 
            on a1_1.author_id=a1_0.author_id 
    where
        a1_0.book_id=?
[2025-10-14 10:12:10:2201082][http-nio-9090-exec-1] INFO  p6spy - 25.10.14 10:12:10 | OperationTime : 1ms | 
(P6Spy sql,Hibernate format):

    select
        a1_0.book_id,
        a1_1.author_id,
        a1_1.author_name,
        a1_1.birth_date,
        a1_1.create_date,
        a1_1.intro,
        a1_1.nationality,
        a1_1.update_date 
    from
        book_author a1_0 
    join
        author a1_1 
            on a1_1.author_id=a1_0.author_id 
    where
        a1_0.book_id=1
[2025-10-14 10:12:10:2201084][http-nio-9090-exec-1] DEBUG org.hibernate.SQL - 
    select
        bi1_0.book_id,
        bi1_0.image_id,
        bi1_0.create_date,
        bi1_0.file_name,
        bi1_0.file_path,
        bi1_0.file_thumb_name,
        bi1_0.stored_name 
    from
        book_image bi1_0 
    where
        bi1_0.book_id=?
[2025-10-14 10:12:10:2201085][http-nio-9090-exec-1] INFO  p6spy - 25.10.14 10:12:10 | OperationTime : 0ms | 
(P6Spy sql,Hibernate format):

    select
        bi1_0.book_id,
        bi1_0.image_id,
        bi1_0.create_date,
        bi1_0.file_name,
        bi1_0.file_path,
        bi1_0.file_thumb_name,
        bi1_0.stored_name 
    from
        book_image bi1_0 
    where
        bi1_0.book_id=1
[2025-10-14 10:12:10:2201086][http-nio-9090-exec-1] DEBUG org.hibernate.SQL - 
    select
        phe1_0.publishing_id,
        phe1_0.create_date,
        phe1_0.publishing_name,
        phe1_0.update_date 
    from
        publishing_house phe1_0 
    where
        phe1_0.publishing_id=?
[2025-10-14 10:12:10:2201087][http-nio-9090-exec-1] INFO  p6spy - 25.10.14 10:12:10 | OperationTime : 0ms | 
(P6Spy sql,Hibernate format):

    select
        phe1_0.publishing_id,
        phe1_0.create_date,
        phe1_0.publishing_name,
        phe1_0.update_date 
    from
        publishing_house phe1_0 
    where
        phe1_0.publishing_id=5
[2025-10-14 10:12:10:2201088][http-nio-9090-exec-1] DEBUG org.hibernate.SQL - 
    select
        a1_0.book_id,
        a1_1.author_id,
        a1_1.author_name,
        a1_1.birth_date,
        a1_1.create_date,
        a1_1.intro,
        a1_1.nationality,
        a1_1.update_date 
    from
        book_author a1_0 
    join
        author a1_1 
            on a1_1.author_id=a1_0.author_id 
    where
        a1_0.book_id=?
[2025-10-14 10:12:10:2201089][http-nio-9090-exec-1] INFO  p6spy - 25.10.14 10:12:10 | OperationTime : 0ms | 
(P6Spy sql,Hibernate format):

    select
        a1_0.book_id,
        a1_1.author_id,
        a1_1.author_name,
        a1_1.birth_date,
        a1_1.create_date,
        a1_1.intro,
        a1_1.nationality,
        a1_1.update_date 
    from
        book_author a1_0 
    join
        author a1_1 
            on a1_1.author_id=a1_0.author_id 
    where
        a1_0.book_id=2
[2025-10-14 10:12:10:2201089][http-nio-9090-exec-1] DEBUG org.hibernate.SQL - 
    select
        bi1_0.book_id,
        bi1_0.image_id,
        bi1_0.create_date,
        bi1_0.file_name,
        bi1_0.file_path,
        bi1_0.file_thumb_name,
        bi1_0.stored_name 
    from
        book_image bi1_0 
    where
        bi1_0.book_id=?
[2025-10-14 10:12:10:2201090][http-nio-9090-exec-1] INFO  p6spy - 25.10.14 10:12:10 | OperationTime : 0ms | 
(P6Spy sql,Hibernate format):

    select
        bi1_0.book_id,
        bi1_0.image_id,
        bi1_0.create_date,
        bi1_0.file_name,
        bi1_0.file_path,
        bi1_0.file_thumb_name,
        bi1_0.stored_name 
    from
        book_image bi1_0 
    where
        bi1_0.book_id=2
[2025-10-14 10:12:10:2201090][http-nio-9090-exec-1] DEBUG org.hibernate.SQL - 
    select
        phe1_0.publishing_id,
        phe1_0.create_date,
        phe1_0.publishing_name,
        phe1_0.update_date 
    from
        publishing_house phe1_0 
    where
        phe1_0.publishing_id=?
[2025-10-14 10:12:10:2201092][http-nio-9090-exec-1] INFO  p6spy - 25.10.14 10:12:10 | OperationTime : 0ms | 
(P6Spy sql,Hibernate format):

    select
        phe1_0.publishing_id,
        phe1_0.create_date,
        phe1_0.publishing_name,
        phe1_0.update_date 
    from
        publishing_house phe1_0 
    where
        phe1_0.publishing_id=3
[2025-10-14 10:12:10:2201094][http-nio-9090-exec-1] DEBUG org.hibernate.SQL - 
    select
        a1_0.book_id,
        a1_1.author_id,
        a1_1.author_name,
        a1_1.birth_date,
        a1_1.create_date,
        a1_1.intro,
        a1_1.nationality,
        a1_1.update_date 
    from
        book_author a1_0 
    join
        author a1_1 
            on a1_1.author_id=a1_0.author_id 
    where
        a1_0.book_id=?
[2025-10-14 10:12:10:2201096][http-nio-9090-exec-1] INFO  p6spy - 25.10.14 10:12:10 | OperationTime : 0ms | 
(P6Spy sql,Hibernate format):

    select
        a1_0.book_id,
        a1_1.author_id,
        a1_1.author_name,
        a1_1.birth_date,
        a1_1.create_date,
        a1_1.intro,
        a1_1.nationality,
        a1_1.update_date 
    from
        book_author a1_0 
    join
        author a1_1 
            on a1_1.author_id=a1_0.author_id 
    where
        a1_0.book_id=3
[2025-10-14 10:12:10:2201096][http-nio-9090-exec-1] DEBUG org.hibernate.SQL - 
    select
        bi1_0.book_id,
        bi1_0.image_id,
        bi1_0.create_date,
        bi1_0.file_name,
        bi1_0.file_path,
        bi1_0.file_thumb_name,
        bi1_0.stored_name 
    from
        book_image bi1_0 
    where
        bi1_0.book_id=?
[2025-10-14 10:12:10:2201097][http-nio-9090-exec-1] INFO  p6spy - 25.10.14 10:12:10 | OperationTime : 0ms | 
(P6Spy sql,Hibernate format):

    select
        bi1_0.book_id,
        bi1_0.image_id,
        bi1_0.create_date,
        bi1_0.file_name,
        bi1_0.file_path,
        bi1_0.file_thumb_name,
        bi1_0.stored_name 
    from
        book_image bi1_0 
    where
        bi1_0.book_id=3
[2025-10-14 10:12:10:2201098][http-nio-9090-exec-1] DEBUG org.hibernate.SQL - 
    select
        phe1_0.publishing_id,
        phe1_0.create_date,
        phe1_0.publishing_name,
        phe1_0.update_date 
    from
        publishing_house phe1_0 
    where
        phe1_0.publishing_id=?
[2025-10-14 10:12:10:2201099][http-nio-9090-exec-1] INFO  p6spy - 25.10.14 10:12:10 | OperationTime : 0ms | 
(P6Spy sql,Hibernate format):

    select
        phe1_0.publishing_id,
        phe1_0.create_date,
        phe1_0.publishing_name,
        phe1_0.update_date 
    from
        publishing_house phe1_0 
    where
        phe1_0.publishing_id=1
[2025-10-14 10:12:10:2201100][http-nio-9090-exec-1] DEBUG org.hibernate.SQL - 
    select
        a1_0.book_id,
        a1_1.author_id,
        a1_1.author_name,
        a1_1.birth_date,
        a1_1.create_date,
        a1_1.intro,
        a1_1.nationality,
        a1_1.update_date 
    from
        book_author a1_0 
    join
        author a1_1 
            on a1_1.author_id=a1_0.author_id 
    where
        a1_0.book_id=?
[2025-10-14 10:12:10:2201102][http-nio-9090-exec-1] INFO  p6spy - 25.10.14 10:12:10 | OperationTime : 1ms | 
(P6Spy sql,Hibernate format):

    select
        a1_0.book_id,
        a1_1.author_id,
        a1_1.author_name,
        a1_1.birth_date,
        a1_1.create_date,
        a1_1.intro,
        a1_1.nationality,
        a1_1.update_date 
    from
        book_author a1_0 
    join
        author a1_1 
            on a1_1.author_id=a1_0.author_id 
    where
        a1_0.book_id=4
[2025-10-14 10:12:10:2201103][http-nio-9090-exec-1] DEBUG org.hibernate.SQL - 
    select
        bi1_0.book_id,
        bi1_0.image_id,
        bi1_0.create_date,
        bi1_0.file_name,
        bi1_0.file_path,
        bi1_0.file_thumb_name,
        bi1_0.stored_name 
    from
        book_image bi1_0 
    where
        bi1_0.book_id=?
[2025-10-14 10:12:10:2201104][http-nio-9090-exec-1] INFO  p6spy - 25.10.14 10:12:10 | OperationTime : 0ms | 
(P6Spy sql,Hibernate format):

    select
        bi1_0.book_id,
        bi1_0.image_id,
        bi1_0.create_date,
        bi1_0.file_name,
        bi1_0.file_path,
        bi1_0.file_thumb_name,
        bi1_0.stored_name 
    from
        book_image bi1_0 
    where
        bi1_0.book_id=4
[2025-10-14 10:12:10:2201105][http-nio-9090-exec-1] INFO  p6spy - 25.10.14 10:12:10 | OperationTime : 0ms | 
P6Spy sql: 

[2025-10-14 10:14:43:2353927][http-nio-9090-exec-8] INFO  it.back.back_app.filter.JWTFilter - accessToken is null
[2025-10-14 10:14:43:2353997][http-nio-9090-exec-8] DEBUG org.hibernate.SQL - 
    select
        ue1_0.user_id,
        ue1_0.addr,
        ue1_0.addr_detail,
        ue1_0.birth,
        ue1_0.create_date,
        ue1_0.del_yn,
        ue1_0.email,
        ue1_0.gender,
        ue1_0.passwd,
        ue1_0.phone,
        ue1_0.user_role,
        ue1_0.update_date,
        ue1_0.use_yn,
        ue1_0.user_name 
    from
        tb_users ue1_0 
    where
        ue1_0.user_id=?
[2025-10-14 10:14:43:2354001][http-nio-9090-exec-8] INFO  p6spy - 25.10.14 10:14:43 | OperationTime : 3ms | 
(P6Spy sql,Hibernate format):

    select
        ue1_0.user_id,
        ue1_0.addr,
        ue1_0.addr_detail,
        ue1_0.birth,
        ue1_0.create_date,
        ue1_0.del_yn,
        ue1_0.email,
        ue1_0.gender,
        ue1_0.passwd,
        ue1_0.phone,
        ue1_0.user_role,
        ue1_0.update_date,
        ue1_0.use_yn,
        ue1_0.user_name 
    from
        tb_users ue1_0 
    where
        ue1_0.user_id='asdsa'
[2025-10-14 10:14:43:2354001][http-nio-9090-exec-8] INFO  p6spy - 25.10.14 10:14:43 | OperationTime : 0ms | 
P6Spy sql: 

[2025-10-14 10:17:58:2548874][http-nio-9090-exec-9] INFO  it.back.back_app.filter.JWTFilter - accessToken is null
[2025-10-14 10:17:58:2548875][http-nio-9090-exec-9] DEBUG org.hibernate.SQL - 
    select
        ue1_0.user_id,
        ue1_0.addr,
        ue1_0.addr_detail,
        ue1_0.birth,
        ue1_0.create_date,
        ue1_0.del_yn,
        ue1_0.email,
        ue1_0.gender,
        ue1_0.passwd,
        ue1_0.phone,
        ue1_0.user_role,
        ue1_0.update_date,
        ue1_0.use_yn,
        ue1_0.user_name 
    from
        tb_users ue1_0 
    where
        ue1_0.user_id=?
[2025-10-14 10:17:58:2548877][http-nio-9090-exec-9] INFO  p6spy - 25.10.14 10:17:58 | OperationTime : 0ms | 
(P6Spy sql,Hibernate format):

    select
        ue1_0.user_id,
        ue1_0.addr,
        ue1_0.addr_detail,
        ue1_0.birth,
        ue1_0.create_date,
        ue1_0.del_yn,
        ue1_0.email,
        ue1_0.gender,
        ue1_0.passwd,
        ue1_0.phone,
        ue1_0.user_role,
        ue1_0.update_date,
        ue1_0.use_yn,
        ue1_0.user_name 
    from
        tb_users ue1_0 
    where
        ue1_0.user_id='ㅁㄴㅇ'
[2025-10-14 10:17:58:2548877][http-nio-9090-exec-9] INFO  p6spy - 25.10.14 10:17:58 | OperationTime : 0ms | 
P6Spy sql: 

[2025-10-14 10:18:42:2593776][http-nio-9090-exec-2] INFO  it.back.back_app.filter.JWTFilter - accessToken is null
[2025-10-14 10:18:42:2593776][http-nio-9090-exec-2] DEBUG org.hibernate.SQL - 
    select
        ue1_0.user_id,
        ue1_0.addr,
        ue1_0.addr_detail,
        ue1_0.birth,
        ue1_0.create_date,
        ue1_0.del_yn,
        ue1_0.email,
        ue1_0.gender,
        ue1_0.passwd,
        ue1_0.phone,
        ue1_0.user_role,
        ue1_0.update_date,
        ue1_0.use_yn,
        ue1_0.user_name 
    from
        tb_users ue1_0 
    where
        ue1_0.user_id=?
[2025-10-14 10:18:42:2593776][http-nio-9090-exec-2] INFO  p6spy - 25.10.14 10:18:42 | OperationTime : 0ms | 
(P6Spy sql,Hibernate format):

    select
        ue1_0.user_id,
        ue1_0.addr,
        ue1_0.addr_detail,
        ue1_0.birth,
        ue1_0.create_date,
        ue1_0.del_yn,
        ue1_0.email,
        ue1_0.gender,
        ue1_0.passwd,
        ue1_0.phone,
        ue1_0.user_role,
        ue1_0.update_date,
        ue1_0.use_yn,
        ue1_0.user_name 
    from
        tb_users ue1_0 
    where
        ue1_0.user_id='ㅁㄴㅇ'
[2025-10-14 10:18:42:2593776][http-nio-9090-exec-2] INFO  p6spy - 25.10.14 10:18:42 | OperationTime : 0ms | 
P6Spy sql: 

[2025-10-14 10:56:27:4858228][http-nio-9090-exec-3] INFO  it.back.back_app.filter.JWTFilter - accessToken is null
[2025-10-14 10:56:27:4858229][http-nio-9090-exec-3] INFO  i.b.b.b.c.BookRestController - ------------ 책 리스트 가져오기 -------------
[2025-10-14 10:56:27:4858231][http-nio-9090-exec-3] DEBUG org.hibernate.SQL - 
    select
        be1_0.book_id,
        be1_0.book_name,
        be1_0.book_type,
        be1_0.create_date,
        be1_0.intro,
        be1_0.price,
        be1_0.publication_date,
        be1_0.publishing_id,
        be1_0.short_intro,
        be1_0.stock,
        be1_0.update_date 
    from
        book be1_0 
    order by
        be1_0.create_date desc 
    limit
        ?, ?
[2025-10-14 10:56:27:4858235][http-nio-9090-exec-3] INFO  p6spy - 25.10.14 10:56:27 | OperationTime : 0ms | 
(P6Spy sql,Hibernate format):

    select
        be1_0.book_id,
        be1_0.book_name,
        be1_0.book_type,
        be1_0.create_date,
        be1_0.intro,
        be1_0.price,
        be1_0.publication_date,
        be1_0.publishing_id,
        be1_0.short_intro,
        be1_0.stock,
        be1_0.update_date 
    from
        book be1_0 
    order by
        be1_0.create_date desc 
    limit
        0, 10
[2025-10-14 10:56:27:4858241][http-nio-9090-exec-3] DEBUG org.hibernate.SQL - 
    select
        phe1_0.publishing_id,
        phe1_0.create_date,
        phe1_0.publishing_name,
        phe1_0.update_date 
    from
        publishing_house phe1_0 
    where
        phe1_0.publishing_id=?
[2025-10-14 10:56:27:4858243][http-nio-9090-exec-3] INFO  p6spy - 25.10.14 10:56:27 | OperationTime : 0ms | 
(P6Spy sql,Hibernate format):

    select
        phe1_0.publishing_id,
        phe1_0.create_date,
        phe1_0.publishing_name,
        phe1_0.update_date 
    from
        publishing_house phe1_0 
    where
        phe1_0.publishing_id=2
[2025-10-14 10:56:27:4858245][http-nio-9090-exec-3] DEBUG org.hibernate.SQL - 
    select
        a1_0.book_id,
        a1_1.author_id,
        a1_1.author_name,
        a1_1.birth_date,
        a1_1.create_date,
        a1_1.intro,
        a1_1.nationality,
        a1_1.update_date 
    from
        book_author a1_0 
    join
        author a1_1 
            on a1_1.author_id=a1_0.author_id 
    where
        a1_0.book_id=?
[2025-10-14 10:56:27:4858247][http-nio-9090-exec-3] INFO  p6spy - 25.10.14 10:56:27 | OperationTime : 0ms | 
(P6Spy sql,Hibernate format):

    select
        a1_0.book_id,
        a1_1.author_id,
        a1_1.author_name,
        a1_1.birth_date,
        a1_1.create_date,
        a1_1.intro,
        a1_1.nationality,
        a1_1.update_date 
    from
        book_author a1_0 
    join
        author a1_1 
            on a1_1.author_id=a1_0.author_id 
    where
        a1_0.book_id=1
[2025-10-14 10:56:27:4858248][http-nio-9090-exec-3] DEBUG org.hibernate.SQL - 
    select
        bi1_0.book_id,
        bi1_0.image_id,
        bi1_0.create_date,
        bi1_0.file_name,
        bi1_0.file_path,
        bi1_0.file_thumb_name,
        bi1_0.stored_name 
    from
        book_image bi1_0 
    where
        bi1_0.book_id=?
[2025-10-14 10:56:27:4858250][http-nio-9090-exec-3] INFO  p6spy - 25.10.14 10:56:27 | OperationTime : 1ms | 
(P6Spy sql,Hibernate format):

    select
        bi1_0.book_id,
        bi1_0.image_id,
        bi1_0.create_date,
        bi1_0.file_name,
        bi1_0.file_path,
        bi1_0.file_thumb_name,
        bi1_0.stored_name 
    from
        book_image bi1_0 
    where
        bi1_0.book_id=1
[2025-10-14 10:56:27:4858252][http-nio-9090-exec-3] DEBUG org.hibernate.SQL - 
    select
        phe1_0.publishing_id,
        phe1_0.create_date,
        phe1_0.publishing_name,
        phe1_0.update_date 
    from
        publishing_house phe1_0 
    where
        phe1_0.publishing_id=?
[2025-10-14 10:56:27:4858254][http-nio-9090-exec-3] INFO  p6spy - 25.10.14 10:56:27 | OperationTime : 0ms | 
(P6Spy sql,Hibernate format):

    select
        phe1_0.publishing_id,
        phe1_0.create_date,
        phe1_0.publishing_name,
        phe1_0.update_date 
    from
        publishing_house phe1_0 
    where
        phe1_0.publishing_id=5
[2025-10-14 10:56:27:4858255][http-nio-9090-exec-3] DEBUG org.hibernate.SQL - 
    select
        a1_0.book_id,
        a1_1.author_id,
        a1_1.author_name,
        a1_1.birth_date,
        a1_1.create_date,
        a1_1.intro,
        a1_1.nationality,
        a1_1.update_date 
    from
        book_author a1_0 
    join
        author a1_1 
            on a1_1.author_id=a1_0.author_id 
    where
        a1_0.book_id=?
[2025-10-14 10:56:27:4858256][http-nio-9090-exec-3] INFO  p6spy - 25.10.14 10:56:27 | OperationTime : 0ms | 
(P6Spy sql,Hibernate format):

    select
        a1_0.book_id,
        a1_1.author_id,
        a1_1.author_name,
        a1_1.birth_date,
        a1_1.create_date,
        a1_1.intro,
        a1_1.nationality,
        a1_1.update_date 
    from
        book_author a1_0 
    join
        author a1_1 
            on a1_1.author_id=a1_0.author_id 
    where
        a1_0.book_id=2
[2025-10-14 10:56:27:4858256][http-nio-9090-exec-3] DEBUG org.hibernate.SQL - 
    select
        bi1_0.book_id,
        bi1_0.image_id,
        bi1_0.create_date,
        bi1_0.file_name,
        bi1_0.file_path,
        bi1_0.file_thumb_name,
        bi1_0.stored_name 
    from
        book_image bi1_0 
    where
        bi1_0.book_id=?
[2025-10-14 10:56:27:4858259][http-nio-9090-exec-3] INFO  p6spy - 25.10.14 10:56:27 | OperationTime : 1ms | 
(P6Spy sql,Hibernate format):

    select
        bi1_0.book_id,
        bi1_0.image_id,
        bi1_0.create_date,
        bi1_0.file_name,
        bi1_0.file_path,
        bi1_0.file_thumb_name,
        bi1_0.stored_name 
    from
        book_image bi1_0 
    where
        bi1_0.book_id=2
[2025-10-14 10:56:27:4858260][http-nio-9090-exec-3] DEBUG org.hibernate.SQL - 
    select
        phe1_0.publishing_id,
        phe1_0.create_date,
        phe1_0.publishing_name,
        phe1_0.update_date 
    from
        publishing_house phe1_0 
    where
        phe1_0.publishing_id=?
[2025-10-14 10:56:27:4858263][http-nio-9090-exec-3] INFO  p6spy - 25.10.14 10:56:27 | OperationTime : 0ms | 
(P6Spy sql,Hibernate format):

    select
        phe1_0.publishing_id,
        phe1_0.create_date,
        phe1_0.publishing_name,
        phe1_0.update_date 
    from
        publishing_house phe1_0 
    where
        phe1_0.publishing_id=3
[2025-10-14 10:56:27:4858265][http-nio-9090-exec-3] DEBUG org.hibernate.SQL - 
    select
        a1_0.book_id,
        a1_1.author_id,
        a1_1.author_name,
        a1_1.birth_date,
        a1_1.create_date,
        a1_1.intro,
        a1_1.nationality,
        a1_1.update_date 
    from
        book_author a1_0 
    join
        author a1_1 
            on a1_1.author_id=a1_0.author_id 
    where
        a1_0.book_id=?
[2025-10-14 10:56:27:4858266][http-nio-9090-exec-3] INFO  p6spy - 25.10.14 10:56:27 | OperationTime : 0ms | 
(P6Spy sql,Hibernate format):

    select
        a1_0.book_id,
        a1_1.author_id,
        a1_1.author_name,
        a1_1.birth_date,
        a1_1.create_date,
        a1_1.intro,
        a1_1.nationality,
        a1_1.update_date 
    from
        book_author a1_0 
    join
        author a1_1 
            on a1_1.author_id=a1_0.author_id 
    where
        a1_0.book_id=3
[2025-10-14 10:56:27:4858267][http-nio-9090-exec-3] DEBUG org.hibernate.SQL - 
    select
        bi1_0.book_id,
        bi1_0.image_id,
        bi1_0.create_date,
        bi1_0.file_name,
        bi1_0.file_path,
        bi1_0.file_thumb_name,
        bi1_0.stored_name 
    from
        book_image bi1_0 
    where
        bi1_0.book_id=?
[2025-10-14 10:56:27:4858268][http-nio-9090-exec-3] INFO  p6spy - 25.10.14 10:56:27 | OperationTime : 0ms | 
(P6Spy sql,Hibernate format):

    select
        bi1_0.book_id,
        bi1_0.image_id,
        bi1_0.create_date,
        bi1_0.file_name,
        bi1_0.file_path,
        bi1_0.file_thumb_name,
        bi1_0.stored_name 
    from
        book_image bi1_0 
    where
        bi1_0.book_id=3
[2025-10-14 10:56:27:4858268][http-nio-9090-exec-3] DEBUG org.hibernate.SQL - 
    select
        phe1_0.publishing_id,
        phe1_0.create_date,
        phe1_0.publishing_name,
        phe1_0.update_date 
    from
        publishing_house phe1_0 
    where
        phe1_0.publishing_id=?
[2025-10-14 10:56:27:4858269][http-nio-9090-exec-3] INFO  p6spy - 25.10.14 10:56:27 | OperationTime : 0ms | 
(P6Spy sql,Hibernate format):

    select
        phe1_0.publishing_id,
        phe1_0.create_date,
        phe1_0.publishing_name,
        phe1_0.update_date 
    from
        publishing_house phe1_0 
    where
        phe1_0.publishing_id=1
[2025-10-14 10:56:27:4858270][http-nio-9090-exec-3] DEBUG org.hibernate.SQL - 
    select
        a1_0.book_id,
        a1_1.author_id,
        a1_1.author_name,
        a1_1.birth_date,
        a1_1.create_date,
        a1_1.intro,
        a1_1.nationality,
        a1_1.update_date 
    from
        book_author a1_0 
    join
        author a1_1 
            on a1_1.author_id=a1_0.author_id 
    where
        a1_0.book_id=?
[2025-10-14 10:56:27:4858270][http-nio-9090-exec-3] INFO  p6spy - 25.10.14 10:56:27 | OperationTime : 0ms | 
(P6Spy sql,Hibernate format):

    select
        a1_0.book_id,
        a1_1.author_id,
        a1_1.author_name,
        a1_1.birth_date,
        a1_1.create_date,
        a1_1.intro,
        a1_1.nationality,
        a1_1.update_date 
    from
        book_author a1_0 
    join
        author a1_1 
            on a1_1.author_id=a1_0.author_id 
    where
        a1_0.book_id=4
[2025-10-14 10:56:27:4858271][http-nio-9090-exec-3] DEBUG org.hibernate.SQL - 
    select
        bi1_0.book_id,
        bi1_0.image_id,
        bi1_0.create_date,
        bi1_0.file_name,
        bi1_0.file_path,
        bi1_0.file_thumb_name,
        bi1_0.stored_name 
    from
        book_image bi1_0 
    where
        bi1_0.book_id=?
[2025-10-14 10:56:27:4858272][http-nio-9090-exec-3] INFO  p6spy - 25.10.14 10:56:27 | OperationTime : 0ms | 
(P6Spy sql,Hibernate format):

    select
        bi1_0.book_id,
        bi1_0.image_id,
        bi1_0.create_date,
        bi1_0.file_name,
        bi1_0.file_path,
        bi1_0.file_thumb_name,
        bi1_0.stored_name 
    from
        book_image bi1_0 
    where
        bi1_0.book_id=4
[2025-10-14 10:56:27:4858273][http-nio-9090-exec-3] INFO  p6spy - 25.10.14 10:56:27 | OperationTime : 0ms | 
P6Spy sql: 

[2025-10-14 10:57:12:4903251][http-nio-9090-exec-10] INFO  it.back.back_app.filter.JWTFilter - accessToken is null
[2025-10-14 10:57:12:4903253][http-nio-9090-exec-10] INFO  i.b.b.b.c.BookRestController - ------------ 책 리스트 가져오기 -------------
[2025-10-14 10:57:12:4903255][http-nio-9090-exec-10] DEBUG org.hibernate.SQL - 
    select
        be1_0.book_id,
        be1_0.book_name,
        be1_0.book_type,
        be1_0.create_date,
        be1_0.intro,
        be1_0.price,
        be1_0.publication_date,
        be1_0.publishing_id,
        be1_0.short_intro,
        be1_0.stock,
        be1_0.update_date 
    from
        book be1_0 
    order by
        be1_0.create_date desc 
    limit
        ?, ?
[2025-10-14 10:57:12:4903256][http-nio-9090-exec-10] INFO  p6spy - 25.10.14 10:57:12 | OperationTime : 0ms | 
(P6Spy sql,Hibernate format):

    select
        be1_0.book_id,
        be1_0.book_name,
        be1_0.book_type,
        be1_0.create_date,
        be1_0.intro,
        be1_0.price,
        be1_0.publication_date,
        be1_0.publishing_id,
        be1_0.short_intro,
        be1_0.stock,
        be1_0.update_date 
    from
        book be1_0 
    order by
        be1_0.create_date desc 
    limit
        0, 10
[2025-10-14 10:57:12:4903261][http-nio-9090-exec-10] DEBUG org.hibernate.SQL - 
    select
        phe1_0.publishing_id,
        phe1_0.create_date,
        phe1_0.publishing_name,
        phe1_0.update_date 
    from
        publishing_house phe1_0 
    where
        phe1_0.publishing_id=?
[2025-10-14 10:57:12:4903264][http-nio-9090-exec-10] INFO  p6spy - 25.10.14 10:57:12 | OperationTime : 0ms | 
(P6Spy sql,Hibernate format):

    select
        phe1_0.publishing_id,
        phe1_0.create_date,
        phe1_0.publishing_name,
        phe1_0.update_date 
    from
        publishing_house phe1_0 
    where
        phe1_0.publishing_id=2
[2025-10-14 10:57:12:4903264][http-nio-9090-exec-10] DEBUG org.hibernate.SQL - 
    select
        a1_0.book_id,
        a1_1.author_id,
        a1_1.author_name,
        a1_1.birth_date,
        a1_1.create_date,
        a1_1.intro,
        a1_1.nationality,
        a1_1.update_date 
    from
        book_author a1_0 
    join
        author a1_1 
            on a1_1.author_id=a1_0.author_id 
    where
        a1_0.book_id=?
[2025-10-14 10:57:12:4903264][http-nio-9090-exec-10] INFO  p6spy - 25.10.14 10:57:12 | OperationTime : 1ms | 
(P6Spy sql,Hibernate format):

    select
        a1_0.book_id,
        a1_1.author_id,
        a1_1.author_name,
        a1_1.birth_date,
        a1_1.create_date,
        a1_1.intro,
        a1_1.nationality,
        a1_1.update_date 
    from
        book_author a1_0 
    join
        author a1_1 
            on a1_1.author_id=a1_0.author_id 
    where
        a1_0.book_id=1
[2025-10-14 10:57:12:4903264][http-nio-9090-exec-10] DEBUG org.hibernate.SQL - 
    select
        bi1_0.book_id,
        bi1_0.image_id,
        bi1_0.create_date,
        bi1_0.file_name,
        bi1_0.file_path,
        bi1_0.file_thumb_name,
        bi1_0.stored_name 
    from
        book_image bi1_0 
    where
        bi1_0.book_id=?
[2025-10-14 10:57:12:4903264][http-nio-9090-exec-10] INFO  p6spy - 25.10.14 10:57:12 | OperationTime : 0ms | 
(P6Spy sql,Hibernate format):

    select
        bi1_0.book_id,
        bi1_0.image_id,
        bi1_0.create_date,
        bi1_0.file_name,
        bi1_0.file_path,
        bi1_0.file_thumb_name,
        bi1_0.stored_name 
    from
        book_image bi1_0 
    where
        bi1_0.book_id=1
[2025-10-14 10:57:12:4903264][http-nio-9090-exec-10] DEBUG org.hibernate.SQL - 
    select
        phe1_0.publishing_id,
        phe1_0.create_date,
        phe1_0.publishing_name,
        phe1_0.update_date 
    from
        publishing_house phe1_0 
    where
        phe1_0.publishing_id=?
[2025-10-14 10:57:12:4903273][http-nio-9090-exec-10] INFO  p6spy - 25.10.14 10:57:12 | OperationTime : 0ms | 
(P6Spy sql,Hibernate format):

    select
        phe1_0.publishing_id,
        phe1_0.create_date,
        phe1_0.publishing_name,
        phe1_0.update_date 
    from
        publishing_house phe1_0 
    where
        phe1_0.publishing_id=5
[2025-10-14 10:57:12:4903275][http-nio-9090-exec-10] DEBUG org.hibernate.SQL - 
    select
        a1_0.book_id,
        a1_1.author_id,
        a1_1.author_name,
        a1_1.birth_date,
        a1_1.create_date,
        a1_1.intro,
        a1_1.nationality,
        a1_1.update_date 
    from
        book_author a1_0 
    join
        author a1_1 
            on a1_1.author_id=a1_0.author_id 
    where
        a1_0.book_id=?
[2025-10-14 10:57:12:4903277][http-nio-9090-exec-10] INFO  p6spy - 25.10.14 10:57:12 | OperationTime : 0ms | 
(P6Spy sql,Hibernate format):

    select
        a1_0.book_id,
        a1_1.author_id,
        a1_1.author_name,
        a1_1.birth_date,
        a1_1.create_date,
        a1_1.intro,
        a1_1.nationality,
        a1_1.update_date 
    from
        book_author a1_0 
    join
        author a1_1 
            on a1_1.author_id=a1_0.author_id 
    where
        a1_0.book_id=2
[2025-10-14 10:57:12:4903278][http-nio-9090-exec-10] DEBUG org.hibernate.SQL - 
    select
        bi1_0.book_id,
        bi1_0.image_id,
        bi1_0.create_date,
        bi1_0.file_name,
        bi1_0.file_path,
        bi1_0.file_thumb_name,
        bi1_0.stored_name 
    from
        book_image bi1_0 
    where
        bi1_0.book_id=?
[2025-10-14 10:57:12:4903279][http-nio-9090-exec-10] INFO  p6spy - 25.10.14 10:57:12 | OperationTime : 0ms | 
(P6Spy sql,Hibernate format):

    select
        bi1_0.book_id,
        bi1_0.image_id,
        bi1_0.create_date,
        bi1_0.file_name,
        bi1_0.file_path,
        bi1_0.file_thumb_name,
        bi1_0.stored_name 
    from
        book_image bi1_0 
    where
        bi1_0.book_id=2
[2025-10-14 10:57:12:4903280][http-nio-9090-exec-10] DEBUG org.hibernate.SQL - 
    select
        phe1_0.publishing_id,
        phe1_0.create_date,
        phe1_0.publishing_name,
        phe1_0.update_date 
    from
        publishing_house phe1_0 
    where
        phe1_0.publishing_id=?
[2025-10-14 10:57:12:4903281][http-nio-9090-exec-10] INFO  p6spy - 25.10.14 10:57:12 | OperationTime : 0ms | 
(P6Spy sql,Hibernate format):

    select
        phe1_0.publishing_id,
        phe1_0.create_date,
        phe1_0.publishing_name,
        phe1_0.update_date 
    from
        publishing_house phe1_0 
    where
        phe1_0.publishing_id=3
[2025-10-14 10:57:12:4903281][http-nio-9090-exec-10] DEBUG org.hibernate.SQL - 
    select
        a1_0.book_id,
        a1_1.author_id,
        a1_1.author_name,
        a1_1.birth_date,
        a1_1.create_date,
        a1_1.intro,
        a1_1.nationality,
        a1_1.update_date 
    from
        book_author a1_0 
    join
        author a1_1 
            on a1_1.author_id=a1_0.author_id 
    where
        a1_0.book_id=?
[2025-10-14 10:57:12:4903281][http-nio-9090-exec-10] INFO  p6spy - 25.10.14 10:57:12 | OperationTime : 0ms | 
(P6Spy sql,Hibernate format):

    select
        a1_0.book_id,
        a1_1.author_id,
        a1_1.author_name,
        a1_1.birth_date,
        a1_1.create_date,
        a1_1.intro,
        a1_1.nationality,
        a1_1.update_date 
    from
        book_author a1_0 
    join
        author a1_1 
            on a1_1.author_id=a1_0.author_id 
    where
        a1_0.book_id=3
[2025-10-14 10:57:12:4903281][http-nio-9090-exec-10] DEBUG org.hibernate.SQL - 
    select
        bi1_0.book_id,
        bi1_0.image_id,
        bi1_0.create_date,
        bi1_0.file_name,
        bi1_0.file_path,
        bi1_0.file_thumb_name,
        bi1_0.stored_name 
    from
        book_image bi1_0 
    where
        bi1_0.book_id=?
[2025-10-14 10:57:12:4903281][http-nio-9090-exec-10] INFO  p6spy - 25.10.14 10:57:12 | OperationTime : 0ms | 
(P6Spy sql,Hibernate format):

    select
        bi1_0.book_id,
        bi1_0.image_id,
        bi1_0.create_date,
        bi1_0.file_name,
        bi1_0.file_path,
        bi1_0.file_thumb_name,
        bi1_0.stored_name 
    from
        book_image bi1_0 
    where
        bi1_0.book_id=3
[2025-10-14 10:57:12:4903281][http-nio-9090-exec-10] DEBUG org.hibernate.SQL - 
    select
        phe1_0.publishing_id,
        phe1_0.create_date,
        phe1_0.publishing_name,
        phe1_0.update_date 
    from
        publishing_house phe1_0 
    where
        phe1_0.publishing_id=?
[2025-10-14 10:57:12:4903291][http-nio-9090-exec-10] INFO  p6spy - 25.10.14 10:57:12 | OperationTime : 0ms | 
(P6Spy sql,Hibernate format):

    select
        phe1_0.publishing_id,
        phe1_0.create_date,
        phe1_0.publishing_name,
        phe1_0.update_date 
    from
        publishing_house phe1_0 
    where
        phe1_0.publishing_id=1
[2025-10-14 10:57:12:4903294][http-nio-9090-exec-10] DEBUG org.hibernate.SQL - 
    select
        a1_0.book_id,
        a1_1.author_id,
        a1_1.author_name,
        a1_1.birth_date,
        a1_1.create_date,
        a1_1.intro,
        a1_1.nationality,
        a1_1.update_date 
    from
        book_author a1_0 
    join
        author a1_1 
            on a1_1.author_id=a1_0.author_id 
    where
        a1_0.book_id=?
[2025-10-14 10:57:12:4903295][http-nio-9090-exec-10] INFO  p6spy - 25.10.14 10:57:12 | OperationTime : 0ms | 
(P6Spy sql,Hibernate format):

    select
        a1_0.book_id,
        a1_1.author_id,
        a1_1.author_name,
        a1_1.birth_date,
        a1_1.create_date,
        a1_1.intro,
        a1_1.nationality,
        a1_1.update_date 
    from
        book_author a1_0 
    join
        author a1_1 
            on a1_1.author_id=a1_0.author_id 
    where
        a1_0.book_id=4
[2025-10-14 10:57:12:4903296][http-nio-9090-exec-10] DEBUG org.hibernate.SQL - 
    select
        bi1_0.book_id,
        bi1_0.image_id,
        bi1_0.create_date,
        bi1_0.file_name,
        bi1_0.file_path,
        bi1_0.file_thumb_name,
        bi1_0.stored_name 
    from
        book_image bi1_0 
    where
        bi1_0.book_id=?
[2025-10-14 10:57:12:4903297][http-nio-9090-exec-10] INFO  p6spy - 25.10.14 10:57:12 | OperationTime : 0ms | 
(P6Spy sql,Hibernate format):

    select
        bi1_0.book_id,
        bi1_0.image_id,
        bi1_0.create_date,
        bi1_0.file_name,
        bi1_0.file_path,
        bi1_0.file_thumb_name,
        bi1_0.stored_name 
    from
        book_image bi1_0 
    where
        bi1_0.book_id=4
[2025-10-14 10:57:12:4903298][http-nio-9090-exec-10] INFO  p6spy - 25.10.14 10:57:12 | OperationTime : 0ms | 
P6Spy sql: 

[2025-10-14 11:02:30:5221566][http-nio-9090-exec-4] INFO  it.back.back_app.filter.JWTFilter - accessToken is null
[2025-10-14 11:02:30:5221566][http-nio-9090-exec-4] INFO  i.b.b.b.c.BookRestController - ------------ 책 리스트 가져오기 -------------
[2025-10-14 11:02:30:5221566][http-nio-9090-exec-4] DEBUG org.hibernate.SQL - 
    select
        be1_0.book_id,
        be1_0.book_name,
        be1_0.book_type,
        be1_0.create_date,
        be1_0.intro,
        be1_0.price,
        be1_0.publication_date,
        be1_0.publishing_id,
        be1_0.short_intro,
        be1_0.stock,
        be1_0.update_date 
    from
        book be1_0 
    order by
        be1_0.create_date desc 
    limit
        ?, ?
[2025-10-14 11:02:30:5221575][http-nio-9090-exec-4] INFO  p6spy - 25.10.14 11:02:30 | OperationTime : 0ms | 
(P6Spy sql,Hibernate format):

    select
        be1_0.book_id,
        be1_0.book_name,
        be1_0.book_type,
        be1_0.create_date,
        be1_0.intro,
        be1_0.price,
        be1_0.publication_date,
        be1_0.publishing_id,
        be1_0.short_intro,
        be1_0.stock,
        be1_0.update_date 
    from
        book be1_0 
    order by
        be1_0.create_date desc 
    limit
        0, 10
[2025-10-14 11:02:30:5221579][http-nio-9090-exec-4] DEBUG org.hibernate.SQL - 
    select
        phe1_0.publishing_id,
        phe1_0.create_date,
        phe1_0.publishing_name,
        phe1_0.update_date 
    from
        publishing_house phe1_0 
    where
        phe1_0.publishing_id=?
[2025-10-14 11:02:30:5221581][http-nio-9090-exec-4] INFO  p6spy - 25.10.14 11:02:30 | OperationTime : 0ms | 
(P6Spy sql,Hibernate format):

    select
        phe1_0.publishing_id,
        phe1_0.create_date,
        phe1_0.publishing_name,
        phe1_0.update_date 
    from
        publishing_house phe1_0 
    where
        phe1_0.publishing_id=2
[2025-10-14 11:02:30:5221582][http-nio-9090-exec-4] DEBUG org.hibernate.SQL - 
    select
        a1_0.book_id,
        a1_1.author_id,
        a1_1.author_name,
        a1_1.birth_date,
        a1_1.create_date,
        a1_1.intro,
        a1_1.nationality,
        a1_1.update_date 
    from
        book_author a1_0 
    join
        author a1_1 
            on a1_1.author_id=a1_0.author_id 
    where
        a1_0.book_id=?
[2025-10-14 11:02:30:5221584][http-nio-9090-exec-4] INFO  p6spy - 25.10.14 11:02:30 | OperationTime : 0ms | 
(P6Spy sql,Hibernate format):

    select
        a1_0.book_id,
        a1_1.author_id,
        a1_1.author_name,
        a1_1.birth_date,
        a1_1.create_date,
        a1_1.intro,
        a1_1.nationality,
        a1_1.update_date 
    from
        book_author a1_0 
    join
        author a1_1 
            on a1_1.author_id=a1_0.author_id 
    where
        a1_0.book_id=1
[2025-10-14 11:02:30:5221584][http-nio-9090-exec-4] DEBUG org.hibernate.SQL - 
    select
        bi1_0.book_id,
        bi1_0.image_id,
        bi1_0.create_date,
        bi1_0.file_name,
        bi1_0.file_path,
        bi1_0.file_thumb_name,
        bi1_0.stored_name 
    from
        book_image bi1_0 
    where
        bi1_0.book_id=?
[2025-10-14 11:02:30:5221586][http-nio-9090-exec-4] INFO  p6spy - 25.10.14 11:02:30 | OperationTime : 0ms | 
(P6Spy sql,Hibernate format):

    select
        bi1_0.book_id,
        bi1_0.image_id,
        bi1_0.create_date,
        bi1_0.file_name,
        bi1_0.file_path,
        bi1_0.file_thumb_name,
        bi1_0.stored_name 
    from
        book_image bi1_0 
    where
        bi1_0.book_id=1
[2025-10-14 11:02:30:5221587][http-nio-9090-exec-4] DEBUG org.hibernate.SQL - 
    select
        phe1_0.publishing_id,
        phe1_0.create_date,
        phe1_0.publishing_name,
        phe1_0.update_date 
    from
        publishing_house phe1_0 
    where
        phe1_0.publishing_id=?
[2025-10-14 11:02:30:5221588][http-nio-9090-exec-4] INFO  p6spy - 25.10.14 11:02:30 | OperationTime : 0ms | 
(P6Spy sql,Hibernate format):

    select
        phe1_0.publishing_id,
        phe1_0.create_date,
        phe1_0.publishing_name,
        phe1_0.update_date 
    from
        publishing_house phe1_0 
    where
        phe1_0.publishing_id=5
[2025-10-14 11:02:30:5221588][http-nio-9090-exec-4] DEBUG org.hibernate.SQL - 
    select
        a1_0.book_id,
        a1_1.author_id,
        a1_1.author_name,
        a1_1.birth_date,
        a1_1.create_date,
        a1_1.intro,
        a1_1.nationality,
        a1_1.update_date 
    from
        book_author a1_0 
    join
        author a1_1 
            on a1_1.author_id=a1_0.author_id 
    where
        a1_0.book_id=?
[2025-10-14 11:02:30:5221590][http-nio-9090-exec-4] INFO  p6spy - 25.10.14 11:02:30 | OperationTime : 0ms | 
(P6Spy sql,Hibernate format):

    select
        a1_0.book_id,
        a1_1.author_id,
        a1_1.author_name,
        a1_1.birth_date,
        a1_1.create_date,
        a1_1.intro,
        a1_1.nationality,
        a1_1.update_date 
    from
        book_author a1_0 
    join
        author a1_1 
            on a1_1.author_id=a1_0.author_id 
    where
        a1_0.book_id=2
[2025-10-14 11:02:30:5221591][http-nio-9090-exec-4] DEBUG org.hibernate.SQL - 
    select
        bi1_0.book_id,
        bi1_0.image_id,
        bi1_0.create_date,
        bi1_0.file_name,
        bi1_0.file_path,
        bi1_0.file_thumb_name,
        bi1_0.stored_name 
    from
        book_image bi1_0 
    where
        bi1_0.book_id=?
[2025-10-14 11:02:30:5221593][http-nio-9090-exec-4] INFO  p6spy - 25.10.14 11:02:30 | OperationTime : 0ms | 
(P6Spy sql,Hibernate format):

    select
        bi1_0.book_id,
        bi1_0.image_id,
        bi1_0.create_date,
        bi1_0.file_name,
        bi1_0.file_path,
        bi1_0.file_thumb_name,
        bi1_0.stored_name 
    from
        book_image bi1_0 
    where
        bi1_0.book_id=2
[2025-10-14 11:02:30:5221594][http-nio-9090-exec-4] DEBUG org.hibernate.SQL - 
    select
        phe1_0.publishing_id,
        phe1_0.create_date,
        phe1_0.publishing_name,
        phe1_0.update_date 
    from
        publishing_house phe1_0 
    where
        phe1_0.publishing_id=?
[2025-10-14 11:02:30:5221596][http-nio-9090-exec-4] INFO  p6spy - 25.10.14 11:02:30 | OperationTime : 0ms | 
(P6Spy sql,Hibernate format):

    select
        phe1_0.publishing_id,
        phe1_0.create_date,
        phe1_0.publishing_name,
        phe1_0.update_date 
    from
        publishing_house phe1_0 
    where
        phe1_0.publishing_id=3
[2025-10-14 11:02:30:5221597][http-nio-9090-exec-4] DEBUG org.hibernate.SQL - 
    select
        a1_0.book_id,
        a1_1.author_id,
        a1_1.author_name,
        a1_1.birth_date,
        a1_1.create_date,
        a1_1.intro,
        a1_1.nationality,
        a1_1.update_date 
    from
        book_author a1_0 
    join
        author a1_1 
            on a1_1.author_id=a1_0.author_id 
    where
        a1_0.book_id=?
[2025-10-14 11:02:30:5221598][http-nio-9090-exec-4] INFO  p6spy - 25.10.14 11:02:30 | OperationTime : 0ms | 
(P6Spy sql,Hibernate format):

    select
        a1_0.book_id,
        a1_1.author_id,
        a1_1.author_name,
        a1_1.birth_date,
        a1_1.create_date,
        a1_1.intro,
        a1_1.nationality,
        a1_1.update_date 
    from
        book_author a1_0 
    join
        author a1_1 
            on a1_1.author_id=a1_0.author_id 
    where
        a1_0.book_id=3
[2025-10-14 11:02:30:5221599][http-nio-9090-exec-4] DEBUG org.hibernate.SQL - 
    select
        bi1_0.book_id,
        bi1_0.image_id,
        bi1_0.create_date,
        bi1_0.file_name,
        bi1_0.file_path,
        bi1_0.file_thumb_name,
        bi1_0.stored_name 
    from
        book_image bi1_0 
    where
        bi1_0.book_id=?
[2025-10-14 11:02:30:5221600][http-nio-9090-exec-4] INFO  p6spy - 25.10.14 11:02:30 | OperationTime : 0ms | 
(P6Spy sql,Hibernate format):

    select
        bi1_0.book_id,
        bi1_0.image_id,
        bi1_0.create_date,
        bi1_0.file_name,
        bi1_0.file_path,
        bi1_0.file_thumb_name,
        bi1_0.stored_name 
    from
        book_image bi1_0 
    where
        bi1_0.book_id=3
[2025-10-14 11:02:30:5221600][http-nio-9090-exec-4] DEBUG org.hibernate.SQL - 
    select
        phe1_0.publishing_id,
        phe1_0.create_date,
        phe1_0.publishing_name,
        phe1_0.update_date 
    from
        publishing_house phe1_0 
    where
        phe1_0.publishing_id=?
[2025-10-14 11:02:30:5221601][http-nio-9090-exec-4] INFO  p6spy - 25.10.14 11:02:30 | OperationTime : 0ms | 
(P6Spy sql,Hibernate format):

    select
        phe1_0.publishing_id,
        phe1_0.create_date,
        phe1_0.publishing_name,
        phe1_0.update_date 
    from
        publishing_house phe1_0 
    where
        phe1_0.publishing_id=1
[2025-10-14 11:02:30:5221601][http-nio-9090-exec-4] DEBUG org.hibernate.SQL - 
    select
        a1_0.book_id,
        a1_1.author_id,
        a1_1.author_name,
        a1_1.birth_date,
        a1_1.create_date,
        a1_1.intro,
        a1_1.nationality,
        a1_1.update_date 
    from
        book_author a1_0 
    join
        author a1_1 
            on a1_1.author_id=a1_0.author_id 
    where
        a1_0.book_id=?
[2025-10-14 11:02:30:5221602][http-nio-9090-exec-4] INFO  p6spy - 25.10.14 11:02:30 | OperationTime : 0ms | 
(P6Spy sql,Hibernate format):

    select
        a1_0.book_id,
        a1_1.author_id,
        a1_1.author_name,
        a1_1.birth_date,
        a1_1.create_date,
        a1_1.intro,
        a1_1.nationality,
        a1_1.update_date 
    from
        book_author a1_0 
    join
        author a1_1 
            on a1_1.author_id=a1_0.author_id 
    where
        a1_0.book_id=4
[2025-10-14 11:02:30:5221602][http-nio-9090-exec-4] DEBUG org.hibernate.SQL - 
    select
        bi1_0.book_id,
        bi1_0.image_id,
        bi1_0.create_date,
        bi1_0.file_name,
        bi1_0.file_path,
        bi1_0.file_thumb_name,
        bi1_0.stored_name 
    from
        book_image bi1_0 
    where
        bi1_0.book_id=?
[2025-10-14 11:02:30:5221603][http-nio-9090-exec-4] INFO  p6spy - 25.10.14 11:02:30 | OperationTime : 0ms | 
(P6Spy sql,Hibernate format):

    select
        bi1_0.book_id,
        bi1_0.image_id,
        bi1_0.create_date,
        bi1_0.file_name,
        bi1_0.file_path,
        bi1_0.file_thumb_name,
        bi1_0.stored_name 
    from
        book_image bi1_0 
    where
        bi1_0.book_id=4
[2025-10-14 11:02:30:5221603][http-nio-9090-exec-4] INFO  p6spy - 25.10.14 11:02:30 | OperationTime : 0ms | 
P6Spy sql: 

[2025-10-14 16:45:34:25805770][http-nio-9090-exec-6] ERROR i.b.back_app.common.utils.JWTUtils - 만료된 JWT 토큰입니다.
[2025-10-14 16:48:34:25985148][http-nio-9090-exec-8] ERROR i.b.back_app.common.utils.JWTUtils - 만료된 JWT 토큰입니다.
[2025-10-14 16:49:03:26014792][http-nio-9090-exec-9] ERROR i.b.back_app.common.utils.JWTUtils - 만료된 JWT 토큰입니다.
