[2025-09-15 16:23:35:1065][background-preinit] INFO  o.h.validator.internal.util.Version - HV000001: Hibernate Validator 8.0.3.Final
[2025-09-15 16:23:35:1147][restartedMain] INFO  i.korea.app_boot.AppBootApplication - Starting AppBootApplication using Java 21.0.7 with PID 13204 (C:\uiux_class\boot-workspace\app-boot\app-boot\build\classes\java\main started by ITSC in C:\uiux_class\boot-workspace\app-boot\app-boot)
[2025-09-15 16:23:35:1147][restartedMain] INFO  i.korea.app_boot.AppBootApplication - No active profile set, falling back to 1 default profile: "default"
[2025-09-15 16:23:35:1422][restartedMain] INFO  o.s.b.d.e.DevToolsPropertyDefaultsPostProcessor - Devtools property defaults active! Set 'spring.devtools.add-properties' to 'false' to disable
[2025-09-15 16:23:35:1422][restartedMain] INFO  o.s.b.d.e.DevToolsPropertyDefaultsPostProcessor - For additional web related logging consider setting the 'logging.level.web' property to 'DEBUG'
[2025-09-15 16:23:36:2022][restartedMain] INFO  o.s.b.f.s.DefaultListableBeanFactory - Overriding bean definition for bean 'jpaAuditingHandler' with a different definition: replacing [Root bean: class=org.springframework.data.auditing.AuditingHandler; scope=; abstract=false; lazyInit=null; autowireMode=2; dependencyCheck=0; autowireCandidate=true; primary=false; fallback=false; factoryBeanName=null; factoryMethodName=from; initMethodNames=null; destroyMethodNames=null] with [Root bean: class=org.springframework.data.auditing.AuditingHandler; scope=; abstract=false; lazyInit=null; autowireMode=2; dependencyCheck=0; autowireCandidate=true; primary=false; fallback=false; factoryBeanName=null; factoryMethodName=from; initMethodNames=null; destroyMethodNames=null]
[2025-09-15 16:23:36:2022][restartedMain] INFO  o.s.b.f.s.DefaultListableBeanFactory - Overriding bean definition for bean 'org.springframework.data.jpa.domain.support.AuditingEntityListener' with an equivalent definition: replacing [Root bean: class=org.springframework.data.jpa.domain.support.AuditingEntityListener; scope=; abstract=false; lazyInit=null; autowireMode=0; dependencyCheck=0; autowireCandidate=true; primary=false; fallback=false; factoryBeanName=null; factoryMethodName=null; initMethodNames=null; destroyMethodNames=null] with [Root bean: class=org.springframework.data.jpa.domain.support.AuditingEntityListener; scope=; abstract=false; lazyInit=null; autowireMode=0; dependencyCheck=0; autowireCandidate=true; primary=false; fallback=false; factoryBeanName=null; factoryMethodName=null; initMethodNames=null; destroyMethodNames=null]
[2025-09-15 16:23:36:2022][restartedMain] INFO  o.s.b.f.s.DefaultListableBeanFactory - Overriding bean definition for bean 'org.springframework.data.jpa.domain.support.AuditingBeanFactoryPostProcessor' with an equivalent definition: replacing [Root bean: class=org.springframework.data.jpa.domain.support.AuditingBeanFactoryPostProcessor; scope=; abstract=false; lazyInit=null; autowireMode=0; dependencyCheck=0; autowireCandidate=true; primary=false; fallback=false; factoryBeanName=null; factoryMethodName=null; initMethodNames=null; destroyMethodNames=null] with [Root bean: class=org.springframework.data.jpa.domain.support.AuditingBeanFactoryPostProcessor; scope=; abstract=false; lazyInit=null; autowireMode=0; dependencyCheck=0; autowireCandidate=true; primary=false; fallback=false; factoryBeanName=null; factoryMethodName=null; initMethodNames=null; destroyMethodNames=null]
[2025-09-15 16:23:36:2256][restartedMain] INFO  o.s.d.r.c.RepositoryConfigurationDelegate - Bootstrapping Spring Data JPA repositories in DEFAULT mode.
[2025-09-15 16:23:36:2347][restartedMain] INFO  o.s.d.r.c.RepositoryConfigurationDelegate - Finished Spring Data repository scanning in 75 ms. Found 3 JPA repository interfaces.
[2025-09-15 16:23:36:2439][restartedMain] INFO  o.s.b.f.s.DefaultListableBeanFactory - Overriding bean definition for bean 'characterEncodingFilter' with a different definition: replacing [Root bean: class=null; scope=; abstract=false; lazyInit=null; autowireMode=3; dependencyCheck=0; autowireCandidate=true; primary=false; fallback=false; factoryBeanName=webConfig; factoryMethodName=characterEncodingFilter; initMethodNames=null; destroyMethodNames=[(inferred)]; defined in class path resource [it/korea/app_boot/common/config/WebConfig.class]] with [Root bean: class=null; scope=; abstract=false; lazyInit=null; autowireMode=3; dependencyCheck=0; autowireCandidate=true; primary=false; fallback=false; factoryBeanName=org.springframework.boot.autoconfigure.web.servlet.HttpEncodingAutoConfiguration; factoryMethodName=characterEncodingFilter; initMethodNames=null; destroyMethodNames=[(inferred)]; defined in class path resource [org/springframework/boot/autoconfigure/web/servlet/HttpEncodingAutoConfiguration.class]]
[2025-09-15 16:23:37:3156][restartedMain] INFO  o.s.b.w.e.tomcat.TomcatWebServer - Tomcat initialized with port 9090 (http)
[2025-09-15 16:23:37:3156][restartedMain] INFO  o.a.coyote.http11.Http11NioProtocol - Initializing ProtocolHandler ["http-nio-9090"]
[2025-09-15 16:23:37:3174][restartedMain] INFO  o.a.catalina.core.StandardService - Starting service [Tomcat]
[2025-09-15 16:23:37:3174][restartedMain] INFO  o.a.catalina.core.StandardEngine - Starting Servlet engine: [Apache Tomcat/10.1.44]
[2025-09-15 16:23:37:3240][restartedMain] INFO  o.a.c.c.C.[Tomcat].[localhost].[/] - Initializing Spring embedded WebApplicationContext
[2025-09-15 16:23:37:3240][restartedMain] INFO  o.s.b.w.s.c.ServletWebServerApplicationContext - Root WebApplicationContext: initialization completed in 1818 ms
[2025-09-15 16:23:37:3603][restartedMain] INFO  o.h.jpa.internal.util.LogHelper - HHH000204: Processing PersistenceUnitInfo [name: default]
[2025-09-15 16:23:37:3654][restartedMain] INFO  org.hibernate.Version - HHH000412: Hibernate ORM core version 6.6.26.Final
[2025-09-15 16:23:37:3673][restartedMain] INFO  o.h.c.i.RegionFactoryInitiator - HHH000026: Second-level cache disabled
[2025-09-15 16:23:38:3898][restartedMain] INFO  o.s.o.j.p.SpringPersistenceUnitInfo - No LoadTimeWeaver setup: ignoring JPA class transformer
[2025-09-15 16:23:38:3939][restartedMain] INFO  com.zaxxer.hikari.HikariDataSource - HikariPool-1 - Starting...
[2025-09-15 16:23:38:4018][restartedMain] INFO  com.zaxxer.hikari.pool.HikariPool - HikariPool-1 - Added connection org.mariadb.jdbc.Connection@23e3cddc
[2025-09-15 16:23:38:4020][restartedMain] INFO  com.zaxxer.hikari.HikariDataSource - HikariPool-1 - Start completed.
[2025-09-15 16:23:38:4040][restartedMain] WARN  org.hibernate.orm.deprecation - HHH90000025: MariaDBDialect does not need to be specified explicitly using 'hibernate.dialect' (remove the property setting and it will be selected by default)
[2025-09-15 16:23:38:4056][restartedMain] INFO  o.hibernate.orm.connections.pooling - HHH10001005: Database info:
	Database JDBC URL [Connecting through datasource 'p6SpyDataSourceDecorator [com.p6spy.engine.spy.P6DataSource] -> dataSource [com.zaxxer.hikari.HikariDataSource]']
	Database driver: undefined/unknown
	Database version: 11.8.2
	Autocommit mode: undefined/unknown
	Isolation level: undefined/unknown
	Minimum pool size: undefined/unknown
	Maximum pool size: undefined/unknown
[2025-09-15 16:23:39:4806][restartedMain] INFO  o.h.e.t.j.p.i.JtaPlatformInitiator - HHH000489: No JTA platform available (set 'hibernate.transaction.jta.platform' to enable JTA platform integration)
[2025-09-15 16:23:39:4842][restartedMain] INFO  p6spy - 25.09.15 16:23:39 | OperationTime : 2ms | 
(P6Spy sql,Hibernate format):

    select
        table_name 
    from
        information_schema.TABLES 
    where
        table_schema=database() 
        and table_type='SEQUENCE'
[2025-09-15 16:23:39:4858][restartedMain] INFO  o.s.o.j.LocalContainerEntityManagerFactoryBean - Initialized JPA EntityManagerFactory for persistence unit 'default'
[2025-09-15 16:23:39:5248][restartedMain] INFO  o.s.d.j.r.q.QueryEnhancerFactory - Hibernate is in classpath; If applicable, HQL parser will be used.
[2025-09-15 16:23:40:6289][restartedMain] INFO  o.s.w.s.a.s.AnnotationActionEndpointMapping - Supporting [WS-Addressing August 2004, WS-Addressing 1.0]
[2025-09-15 16:23:40:6326][restartedMain] INFO  o.s.b.d.a.OptionalLiveReloadServer - LiveReload server is running on port 35729
[2025-09-15 16:23:40:6344][restartedMain] INFO  o.a.coyote.http11.Http11NioProtocol - Starting ProtocolHandler ["http-nio-9090"]
[2025-09-15 16:23:40:6357][restartedMain] INFO  o.s.b.w.e.tomcat.TomcatWebServer - Tomcat started on port 9090 (http) with context path '/'
[2025-09-15 16:23:40:6374][restartedMain] INFO  i.korea.app_boot.AppBootApplication - Started AppBootApplication in 5.798 seconds (process running for 6.608)
[2025-09-15 16:24:02:27906][http-nio-9090-exec-1] INFO  o.a.c.c.C.[Tomcat].[localhost].[/] - Initializing Spring DispatcherServlet 'dispatcherServlet'
[2025-09-15 16:24:02:27906][http-nio-9090-exec-1] INFO  o.s.web.servlet.DispatcherServlet - Initializing Servlet 'dispatcherServlet'
[2025-09-15 16:24:02:27923][http-nio-9090-exec-1] INFO  o.s.web.servlet.DispatcherServlet - Completed initialization in 17 ms
[2025-09-15 16:24:02:28658][http-nio-9090-exec-10] INFO  i.k.a.b.c.BoardAPIController - ============== 게시판 가져오기 ==============
[2025-09-15 16:24:02:28710][http-nio-9090-exec-1] WARN  o.s.w.s.m.m.a.ExceptionHandlerExceptionResolver - Resolved [org.springframework.web.servlet.resource.NoResourceFoundException: No static resource favicon.ico.]
[2025-09-15 16:24:02:28723][http-nio-9090-exec-10] DEBUG org.hibernate.SQL - 
    select
        be1_0.brd_id,
        be1_0.contents,
        be1_0.create_date,
        be1_0.like_count,
        be1_0.read_count,
        be1_0.title,
        be1_0.update_date,
        be1_0.writer 
    from
        board be1_0 
    limit
        ?, ?
[2025-09-15 16:24:02:28726][http-nio-9090-exec-10] INFO  p6spy - 25.09.15 16:24:02 | OperationTime : 0ms | 
(P6Spy sql,Hibernate format):

    select
        be1_0.brd_id,
        be1_0.contents,
        be1_0.create_date,
        be1_0.like_count,
        be1_0.read_count,
        be1_0.title,
        be1_0.update_date,
        be1_0.writer 
    from
        board be1_0 
    limit
        0, 10
[2025-09-15 16:24:02:28744][http-nio-9090-exec-10] DEBUG org.hibernate.SQL - 
    select
        count(be1_0.brd_id) 
    from
        board be1_0
[2025-09-15 16:24:02:28744][http-nio-9090-exec-10] INFO  p6spy - 25.09.15 16:24:02 | OperationTime : 0ms | 
(P6Spy sql,Hibernate format):

    select
        count(be1_0.brd_id) 
    from
        board be1_0
[2025-09-15 16:24:02:28758][http-nio-9090-exec-10] INFO  p6spy - 25.09.15 16:24:02 | OperationTime : 0ms | 
P6Spy sql: 

[2025-09-15 16:24:03:29245][http-nio-9090-exec-10] INFO  i.k.a.b.c.BoardAPIController - ============== 게시판 가져오기 ==============
[2025-09-15 16:24:03:29248][http-nio-9090-exec-10] DEBUG org.hibernate.SQL - 
    select
        be1_0.brd_id,
        be1_0.contents,
        be1_0.create_date,
        be1_0.like_count,
        be1_0.read_count,
        be1_0.title,
        be1_0.update_date,
        be1_0.writer 
    from
        board be1_0 
    limit
        ?, ?
[2025-09-15 16:24:03:29250][http-nio-9090-exec-10] INFO  p6spy - 25.09.15 16:24:03 | OperationTime : 0ms | 
(P6Spy sql,Hibernate format):

    select
        be1_0.brd_id,
        be1_0.contents,
        be1_0.create_date,
        be1_0.like_count,
        be1_0.read_count,
        be1_0.title,
        be1_0.update_date,
        be1_0.writer 
    from
        board be1_0 
    limit
        0, 10
[2025-09-15 16:24:03:29253][http-nio-9090-exec-10] DEBUG org.hibernate.SQL - 
    select
        count(be1_0.brd_id) 
    from
        board be1_0
[2025-09-15 16:24:03:29254][http-nio-9090-exec-10] INFO  p6spy - 25.09.15 16:24:03 | OperationTime : 0ms | 
(P6Spy sql,Hibernate format):

    select
        count(be1_0.brd_id) 
    from
        board be1_0
[2025-09-15 16:24:03:29255][http-nio-9090-exec-10] INFO  p6spy - 25.09.15 16:24:03 | OperationTime : 0ms | 
P6Spy sql: 

[2025-09-15 16:24:03:29266][http-nio-9090-exec-7] WARN  o.s.w.s.m.m.a.ExceptionHandlerExceptionResolver - Resolved [org.springframework.web.servlet.resource.NoResourceFoundException: No static resource favicon.ico.]
[2025-09-15 16:24:04:29813][http-nio-9090-exec-7] INFO  i.k.a.b.c.BoardAPIController - ============== 게시판 가져오기 ==============
[2025-09-15 16:24:04:29816][http-nio-9090-exec-7] DEBUG org.hibernate.SQL - 
    select
        be1_0.brd_id,
        be1_0.contents,
        be1_0.create_date,
        be1_0.like_count,
        be1_0.read_count,
        be1_0.title,
        be1_0.update_date,
        be1_0.writer 
    from
        board be1_0 
    limit
        ?, ?
[2025-09-15 16:24:04:29816][http-nio-9090-exec-7] INFO  p6spy - 25.09.15 16:24:04 | OperationTime : 0ms | 
(P6Spy sql,Hibernate format):

    select
        be1_0.brd_id,
        be1_0.contents,
        be1_0.create_date,
        be1_0.like_count,
        be1_0.read_count,
        be1_0.title,
        be1_0.update_date,
        be1_0.writer 
    from
        board be1_0 
    limit
        0, 10
[2025-09-15 16:24:04:29822][http-nio-9090-exec-9] WARN  o.s.w.s.m.m.a.ExceptionHandlerExceptionResolver - Resolved [org.springframework.web.servlet.resource.NoResourceFoundException: No static resource favicon.ico.]
[2025-09-15 16:24:04:29822][http-nio-9090-exec-7] DEBUG org.hibernate.SQL - 
    select
        count(be1_0.brd_id) 
    from
        board be1_0
[2025-09-15 16:24:04:29824][http-nio-9090-exec-7] INFO  p6spy - 25.09.15 16:24:04 | OperationTime : 0ms | 
(P6Spy sql,Hibernate format):

    select
        count(be1_0.brd_id) 
    from
        board be1_0
[2025-09-15 16:24:04:29825][http-nio-9090-exec-7] INFO  p6spy - 25.09.15 16:24:04 | OperationTime : 0ms | 
P6Spy sql: 

[2025-09-15 16:24:07:33351][http-nio-9090-exec-6] DEBUG org.hibernate.SQL - 
    select
        be1_0.brd_id,
        be1_0.contents,
        be1_0.create_date,
        be1_0.like_count,
        be1_0.read_count,
        be1_0.title,
        be1_0.update_date,
        be1_0.writer 
    from
        board be1_0 
    left join
        board_files fl1_0 
            on be1_0.brd_id=fl1_0.brd_id 
    where
        be1_0.brd_id=?
[2025-09-15 16:24:07:33352][http-nio-9090-exec-6] INFO  p6spy - 25.09.15 16:24:07 | OperationTime : 0ms | 
(P6Spy sql,Hibernate format):

    select
        be1_0.brd_id,
        be1_0.contents,
        be1_0.create_date,
        be1_0.like_count,
        be1_0.read_count,
        be1_0.title,
        be1_0.update_date,
        be1_0.writer 
    from
        board be1_0 
    left join
        board_files fl1_0 
            on be1_0.brd_id=fl1_0.brd_id 
    where
        be1_0.brd_id=4
[2025-09-15 16:24:07:33359][http-nio-9090-exec-6] DEBUG org.hibernate.SQL - 
    select
        fl1_0.brd_id,
        fl1_0.bf_id,
        fl1_0.stored_name,
        fl1_0.create_date,
        fl1_0.file_name,
        fl1_0.file_path,
        fl1_0.file_size 
    from
        board_files fl1_0 
    where
        fl1_0.brd_id=?
[2025-09-15 16:24:07:33360][http-nio-9090-exec-6] INFO  p6spy - 25.09.15 16:24:07 | OperationTime : 0ms | 
(P6Spy sql,Hibernate format):

    select
        fl1_0.brd_id,
        fl1_0.bf_id,
        fl1_0.stored_name,
        fl1_0.create_date,
        fl1_0.file_name,
        fl1_0.file_path,
        fl1_0.file_size 
    from
        board_files fl1_0 
    where
        fl1_0.brd_id=4
[2025-09-15 16:24:07:33377][http-nio-9090-exec-6] INFO  p6spy - 25.09.15 16:24:07 | OperationTime : 0ms | 
P6Spy sql: 

[2025-09-15 16:24:07:33498][http-nio-9090-exec-6] WARN  o.s.w.s.m.m.a.ExceptionHandlerExceptionResolver - Resolved [org.springframework.web.servlet.resource.NoResourceFoundException: No static resource favicon.ico.]
[2025-09-15 16:24:09:35314][http-nio-9090-exec-9] INFO  i.k.a.b.c.BoardAPIController - ============== 게시판 가져오기 ==============
[2025-09-15 16:24:09:35314][http-nio-9090-exec-9] DEBUG org.hibernate.SQL - 
    select
        be1_0.brd_id,
        be1_0.contents,
        be1_0.create_date,
        be1_0.like_count,
        be1_0.read_count,
        be1_0.title,
        be1_0.update_date,
        be1_0.writer 
    from
        board be1_0 
    limit
        ?, ?
[2025-09-15 16:24:09:35314][http-nio-9090-exec-9] INFO  p6spy - 25.09.15 16:24:09 | OperationTime : 0ms | 
(P6Spy sql,Hibernate format):

    select
        be1_0.brd_id,
        be1_0.contents,
        be1_0.create_date,
        be1_0.like_count,
        be1_0.read_count,
        be1_0.title,
        be1_0.update_date,
        be1_0.writer 
    from
        board be1_0 
    limit
        0, 10
[2025-09-15 16:24:09:35323][http-nio-9090-exec-9] DEBUG org.hibernate.SQL - 
    select
        count(be1_0.brd_id) 
    from
        board be1_0
[2025-09-15 16:24:09:35324][http-nio-9090-exec-9] INFO  p6spy - 25.09.15 16:24:09 | OperationTime : 0ms | 
(P6Spy sql,Hibernate format):

    select
        count(be1_0.brd_id) 
    from
        board be1_0
[2025-09-15 16:24:09:35325][http-nio-9090-exec-9] INFO  p6spy - 25.09.15 16:24:09 | OperationTime : 0ms | 
P6Spy sql: 

[2025-09-15 16:24:09:35326][http-nio-9090-exec-6] WARN  o.s.w.s.m.m.a.ExceptionHandlerExceptionResolver - Resolved [org.springframework.web.servlet.resource.NoResourceFoundException: No static resource favicon.ico.]
[2025-09-15 16:24:12:38172][http-nio-9090-exec-9] INFO  i.k.a.b.c.BoardAPIController - ============== 게시판 가져오기 ==============
[2025-09-15 16:24:12:38175][http-nio-9090-exec-9] DEBUG org.hibernate.SQL - 
    select
        be1_0.brd_id,
        be1_0.contents,
        be1_0.create_date,
        be1_0.like_count,
        be1_0.read_count,
        be1_0.title,
        be1_0.update_date,
        be1_0.writer 
    from
        board be1_0 
    limit
        ?, ?
[2025-09-15 16:24:12:38176][http-nio-9090-exec-9] INFO  p6spy - 25.09.15 16:24:12 | OperationTime : 0ms | 
(P6Spy sql,Hibernate format):

    select
        be1_0.brd_id,
        be1_0.contents,
        be1_0.create_date,
        be1_0.like_count,
        be1_0.read_count,
        be1_0.title,
        be1_0.update_date,
        be1_0.writer 
    from
        board be1_0 
    limit
        0, 10
[2025-09-15 16:24:12:38176][http-nio-9090-exec-9] DEBUG org.hibernate.SQL - 
    select
        count(be1_0.brd_id) 
    from
        board be1_0
[2025-09-15 16:24:12:38176][http-nio-9090-exec-9] INFO  p6spy - 25.09.15 16:24:12 | OperationTime : 0ms | 
(P6Spy sql,Hibernate format):

    select
        count(be1_0.brd_id) 
    from
        board be1_0
[2025-09-15 16:24:12:38183][http-nio-9090-exec-9] INFO  p6spy - 25.09.15 16:24:12 | OperationTime : 0ms | 
P6Spy sql: 

[2025-09-15 16:24:12:38199][http-nio-9090-exec-1] WARN  o.s.w.s.m.m.a.ExceptionHandlerExceptionResolver - Resolved [org.springframework.web.servlet.resource.NoResourceFoundException: No static resource favicon.ico.]
[2025-09-15 16:24:13:38772][http-nio-9090-exec-1] INFO  i.k.a.b.c.BoardAPIController - ============== 게시판 가져오기 ==============
[2025-09-15 16:24:13:38788][http-nio-9090-exec-1] DEBUG org.hibernate.SQL - 
    select
        be1_0.brd_id,
        be1_0.contents,
        be1_0.create_date,
        be1_0.like_count,
        be1_0.read_count,
        be1_0.title,
        be1_0.update_date,
        be1_0.writer 
    from
        board be1_0 
    limit
        ?, ?
[2025-09-15 16:24:13:38789][http-nio-9090-exec-1] INFO  p6spy - 25.09.15 16:24:13 | OperationTime : 0ms | 
(P6Spy sql,Hibernate format):

    select
        be1_0.brd_id,
        be1_0.contents,
        be1_0.create_date,
        be1_0.like_count,
        be1_0.read_count,
        be1_0.title,
        be1_0.update_date,
        be1_0.writer 
    from
        board be1_0 
    limit
        0, 10
[2025-09-15 16:24:13:38789][http-nio-9090-exec-1] DEBUG org.hibernate.SQL - 
    select
        count(be1_0.brd_id) 
    from
        board be1_0
[2025-09-15 16:24:13:38789][http-nio-9090-exec-1] INFO  p6spy - 25.09.15 16:24:13 | OperationTime : 0ms | 
(P6Spy sql,Hibernate format):

    select
        count(be1_0.brd_id) 
    from
        board be1_0
[2025-09-15 16:24:13:38789][http-nio-9090-exec-1] INFO  p6spy - 25.09.15 16:24:13 | OperationTime : 0ms | 
P6Spy sql: 

[2025-09-15 16:24:13:38789][http-nio-9090-exec-4] WARN  o.s.w.s.m.m.a.ExceptionHandlerExceptionResolver - Resolved [org.springframework.web.servlet.resource.NoResourceFoundException: No static resource favicon.ico.]
[2025-09-15 16:24:13:39063][http-nio-9090-exec-1] INFO  i.k.a.b.c.BoardAPIController - ============== 게시판 가져오기 ==============
[2025-09-15 16:24:13:39065][http-nio-9090-exec-1] DEBUG org.hibernate.SQL - 
    select
        be1_0.brd_id,
        be1_0.contents,
        be1_0.create_date,
        be1_0.like_count,
        be1_0.read_count,
        be1_0.title,
        be1_0.update_date,
        be1_0.writer 
    from
        board be1_0 
    limit
        ?, ?
[2025-09-15 16:24:13:39065][http-nio-9090-exec-1] INFO  p6spy - 25.09.15 16:24:13 | OperationTime : 0ms | 
(P6Spy sql,Hibernate format):

    select
        be1_0.brd_id,
        be1_0.contents,
        be1_0.create_date,
        be1_0.like_count,
        be1_0.read_count,
        be1_0.title,
        be1_0.update_date,
        be1_0.writer 
    from
        board be1_0 
    limit
        0, 10
[2025-09-15 16:24:13:39072][http-nio-9090-exec-1] DEBUG org.hibernate.SQL - 
    select
        count(be1_0.brd_id) 
    from
        board be1_0
[2025-09-15 16:24:13:39073][http-nio-9090-exec-1] INFO  p6spy - 25.09.15 16:24:13 | OperationTime : 0ms | 
(P6Spy sql,Hibernate format):

    select
        count(be1_0.brd_id) 
    from
        board be1_0
[2025-09-15 16:24:13:39073][http-nio-9090-exec-1] INFO  p6spy - 25.09.15 16:24:13 | OperationTime : 0ms | 
P6Spy sql: 

[2025-09-15 16:24:13:39093][http-nio-9090-exec-5] WARN  o.s.w.s.m.m.a.ExceptionHandlerExceptionResolver - Resolved [org.springframework.web.servlet.resource.NoResourceFoundException: No static resource favicon.ico.]
[2025-09-15 16:24:13:39355][http-nio-9090-exec-5] INFO  i.k.a.b.c.BoardAPIController - ============== 게시판 가져오기 ==============
[2025-09-15 16:24:13:39357][http-nio-9090-exec-5] DEBUG org.hibernate.SQL - 
    select
        be1_0.brd_id,
        be1_0.contents,
        be1_0.create_date,
        be1_0.like_count,
        be1_0.read_count,
        be1_0.title,
        be1_0.update_date,
        be1_0.writer 
    from
        board be1_0 
    limit
        ?, ?
[2025-09-15 16:24:13:39357][http-nio-9090-exec-5] INFO  p6spy - 25.09.15 16:24:13 | OperationTime : 0ms | 
(P6Spy sql,Hibernate format):

    select
        be1_0.brd_id,
        be1_0.contents,
        be1_0.create_date,
        be1_0.like_count,
        be1_0.read_count,
        be1_0.title,
        be1_0.update_date,
        be1_0.writer 
    from
        board be1_0 
    limit
        0, 10
[2025-09-15 16:24:13:39357][http-nio-9090-exec-5] DEBUG org.hibernate.SQL - 
    select
        count(be1_0.brd_id) 
    from
        board be1_0
[2025-09-15 16:24:13:39357][http-nio-9090-exec-5] INFO  p6spy - 25.09.15 16:24:13 | OperationTime : 0ms | 
(P6Spy sql,Hibernate format):

    select
        count(be1_0.brd_id) 
    from
        board be1_0
[2025-09-15 16:24:13:39364][http-nio-9090-exec-5] INFO  p6spy - 25.09.15 16:24:13 | OperationTime : 0ms | 
P6Spy sql: 

[2025-09-15 16:24:13:39377][http-nio-9090-exec-9] WARN  o.s.w.s.m.m.a.ExceptionHandlerExceptionResolver - Resolved [org.springframework.web.servlet.resource.NoResourceFoundException: No static resource favicon.ico.]
[2025-09-15 16:24:14:39832][http-nio-9090-exec-9] INFO  i.k.a.b.c.BoardAPIController - ============== 게시판 가져오기 ==============
[2025-09-15 16:24:14:39832][http-nio-9090-exec-10] WARN  o.s.w.s.m.m.a.ExceptionHandlerExceptionResolver - Resolved [org.springframework.web.servlet.resource.NoResourceFoundException: No static resource favicon.ico.]
[2025-09-15 16:24:14:39832][http-nio-9090-exec-9] DEBUG org.hibernate.SQL - 
    select
        be1_0.brd_id,
        be1_0.contents,
        be1_0.create_date,
        be1_0.like_count,
        be1_0.read_count,
        be1_0.title,
        be1_0.update_date,
        be1_0.writer 
    from
        board be1_0 
    limit
        ?, ?
[2025-09-15 16:24:14:39832][http-nio-9090-exec-9] INFO  p6spy - 25.09.15 16:24:14 | OperationTime : 0ms | 
(P6Spy sql,Hibernate format):

    select
        be1_0.brd_id,
        be1_0.contents,
        be1_0.create_date,
        be1_0.like_count,
        be1_0.read_count,
        be1_0.title,
        be1_0.update_date,
        be1_0.writer 
    from
        board be1_0 
    limit
        0, 10
[2025-09-15 16:24:14:39838][http-nio-9090-exec-9] DEBUG org.hibernate.SQL - 
    select
        count(be1_0.brd_id) 
    from
        board be1_0
[2025-09-15 16:24:14:39839][http-nio-9090-exec-9] INFO  p6spy - 25.09.15 16:24:14 | OperationTime : 0ms | 
(P6Spy sql,Hibernate format):

    select
        count(be1_0.brd_id) 
    from
        board be1_0
[2025-09-15 16:24:14:39840][http-nio-9090-exec-9] INFO  p6spy - 25.09.15 16:24:14 | OperationTime : 0ms | 
P6Spy sql: 

[2025-09-15 16:24:15:40829][http-nio-9090-exec-9] INFO  i.k.a.b.c.BoardAPIController - ============== 게시판 가져오기 ==============
[2025-09-15 16:24:15:40829][http-nio-9090-exec-9] DEBUG org.hibernate.SQL - 
    select
        be1_0.brd_id,
        be1_0.contents,
        be1_0.create_date,
        be1_0.like_count,
        be1_0.read_count,
        be1_0.title,
        be1_0.update_date,
        be1_0.writer 
    from
        board be1_0 
    limit
        ?, ?
[2025-09-15 16:24:15:40829][http-nio-9090-exec-9] INFO  p6spy - 25.09.15 16:24:15 | OperationTime : 0ms | 
(P6Spy sql,Hibernate format):

    select
        be1_0.brd_id,
        be1_0.contents,
        be1_0.create_date,
        be1_0.like_count,
        be1_0.read_count,
        be1_0.title,
        be1_0.update_date,
        be1_0.writer 
    from
        board be1_0 
    limit
        0, 10
[2025-09-15 16:24:15:40840][http-nio-9090-exec-9] DEBUG org.hibernate.SQL - 
    select
        count(be1_0.brd_id) 
    from
        board be1_0
[2025-09-15 16:24:15:40840][http-nio-9090-exec-9] INFO  p6spy - 25.09.15 16:24:15 | OperationTime : 1ms | 
(P6Spy sql,Hibernate format):

    select
        count(be1_0.brd_id) 
    from
        board be1_0
[2025-09-15 16:24:15:40840][http-nio-9090-exec-9] INFO  p6spy - 25.09.15 16:24:15 | OperationTime : 0ms | 
P6Spy sql: 

[2025-09-15 16:24:15:40840][http-nio-9090-exec-4] WARN  o.s.w.s.m.m.a.ExceptionHandlerExceptionResolver - Resolved [org.springframework.web.servlet.resource.NoResourceFoundException: No static resource favicon.ico.]
[2025-09-15 16:24:57:837][background-preinit] INFO  o.h.validator.internal.util.Version - HV000001: Hibernate Validator 8.0.3.Final
[2025-09-15 16:24:57:891][restartedMain] INFO  i.korea.app_boot.AppBootApplication - Starting AppBootApplication using Java 21.0.7 with PID 11976 (C:\uiux_class\boot-workspace\app-boot\app-boot\build\classes\java\main started by ITSC in C:\uiux_class\boot-workspace\app-boot\app-boot)
[2025-09-15 16:24:57:891][restartedMain] INFO  i.korea.app_boot.AppBootApplication - No active profile set, falling back to 1 default profile: "default"
[2025-09-15 16:24:57:1109][restartedMain] INFO  o.s.b.d.e.DevToolsPropertyDefaultsPostProcessor - Devtools property defaults active! Set 'spring.devtools.add-properties' to 'false' to disable
[2025-09-15 16:24:57:1109][restartedMain] INFO  o.s.b.d.e.DevToolsPropertyDefaultsPostProcessor - For additional web related logging consider setting the 'logging.level.web' property to 'DEBUG'
[2025-09-15 16:24:57:1649][restartedMain] INFO  o.s.b.f.s.DefaultListableBeanFactory - Overriding bean definition for bean 'jpaAuditingHandler' with a different definition: replacing [Root bean: class=org.springframework.data.auditing.AuditingHandler; scope=; abstract=false; lazyInit=null; autowireMode=2; dependencyCheck=0; autowireCandidate=true; primary=false; fallback=false; factoryBeanName=null; factoryMethodName=from; initMethodNames=null; destroyMethodNames=null] with [Root bean: class=org.springframework.data.auditing.AuditingHandler; scope=; abstract=false; lazyInit=null; autowireMode=2; dependencyCheck=0; autowireCandidate=true; primary=false; fallback=false; factoryBeanName=null; factoryMethodName=from; initMethodNames=null; destroyMethodNames=null]
[2025-09-15 16:24:57:1649][restartedMain] INFO  o.s.b.f.s.DefaultListableBeanFactory - Overriding bean definition for bean 'org.springframework.data.jpa.domain.support.AuditingEntityListener' with an equivalent definition: replacing [Root bean: class=org.springframework.data.jpa.domain.support.AuditingEntityListener; scope=; abstract=false; lazyInit=null; autowireMode=0; dependencyCheck=0; autowireCandidate=true; primary=false; fallback=false; factoryBeanName=null; factoryMethodName=null; initMethodNames=null; destroyMethodNames=null] with [Root bean: class=org.springframework.data.jpa.domain.support.AuditingEntityListener; scope=; abstract=false; lazyInit=null; autowireMode=0; dependencyCheck=0; autowireCandidate=true; primary=false; fallback=false; factoryBeanName=null; factoryMethodName=null; initMethodNames=null; destroyMethodNames=null]
[2025-09-15 16:24:57:1649][restartedMain] INFO  o.s.b.f.s.DefaultListableBeanFactory - Overriding bean definition for bean 'org.springframework.data.jpa.domain.support.AuditingBeanFactoryPostProcessor' with an equivalent definition: replacing [Root bean: class=org.springframework.data.jpa.domain.support.AuditingBeanFactoryPostProcessor; scope=; abstract=false; lazyInit=null; autowireMode=0; dependencyCheck=0; autowireCandidate=true; primary=false; fallback=false; factoryBeanName=null; factoryMethodName=null; initMethodNames=null; destroyMethodNames=null] with [Root bean: class=org.springframework.data.jpa.domain.support.AuditingBeanFactoryPostProcessor; scope=; abstract=false; lazyInit=null; autowireMode=0; dependencyCheck=0; autowireCandidate=true; primary=false; fallback=false; factoryBeanName=null; factoryMethodName=null; initMethodNames=null; destroyMethodNames=null]
[2025-09-15 16:24:58:1882][restartedMain] INFO  o.s.d.r.c.RepositoryConfigurationDelegate - Bootstrapping Spring Data JPA repositories in DEFAULT mode.
[2025-09-15 16:24:58:1942][restartedMain] INFO  o.s.d.r.c.RepositoryConfigurationDelegate - Finished Spring Data repository scanning in 53 ms. Found 3 JPA repository interfaces.
[2025-09-15 16:24:58:2062][restartedMain] INFO  o.s.b.f.s.DefaultListableBeanFactory - Overriding bean definition for bean 'characterEncodingFilter' with a different definition: replacing [Root bean: class=null; scope=; abstract=false; lazyInit=null; autowireMode=3; dependencyCheck=0; autowireCandidate=true; primary=false; fallback=false; factoryBeanName=webConfig; factoryMethodName=characterEncodingFilter; initMethodNames=null; destroyMethodNames=[(inferred)]; defined in class path resource [it/korea/app_boot/common/config/WebConfig.class]] with [Root bean: class=null; scope=; abstract=false; lazyInit=null; autowireMode=3; dependencyCheck=0; autowireCandidate=true; primary=false; fallback=false; factoryBeanName=org.springframework.boot.autoconfigure.web.servlet.HttpEncodingAutoConfiguration; factoryMethodName=characterEncodingFilter; initMethodNames=null; destroyMethodNames=[(inferred)]; defined in class path resource [org/springframework/boot/autoconfigure/web/servlet/HttpEncodingAutoConfiguration.class]]
[2025-09-15 16:24:59:2799][restartedMain] INFO  o.s.b.w.e.tomcat.TomcatWebServer - Tomcat initialized with port 9090 (http)
[2025-09-15 16:24:59:2820][restartedMain] INFO  o.a.coyote.http11.Http11NioProtocol - Initializing ProtocolHandler ["http-nio-9090"]
[2025-09-15 16:24:59:2820][restartedMain] INFO  o.a.catalina.core.StandardService - Starting service [Tomcat]
[2025-09-15 16:24:59:2820][restartedMain] INFO  o.a.catalina.core.StandardEngine - Starting Servlet engine: [Apache Tomcat/10.1.44]
[2025-09-15 16:24:59:2915][restartedMain] INFO  o.a.c.c.C.[Tomcat].[localhost].[/] - Initializing Spring embedded WebApplicationContext
[2025-09-15 16:24:59:2915][restartedMain] INFO  o.s.b.w.s.c.ServletWebServerApplicationContext - Root WebApplicationContext: initialization completed in 1806 ms
[2025-09-15 16:24:59:3179][restartedMain] INFO  o.h.jpa.internal.util.LogHelper - HHH000204: Processing PersistenceUnitInfo [name: default]
[2025-09-15 16:24:59:3215][restartedMain] INFO  org.hibernate.Version - HHH000412: Hibernate ORM core version 6.6.26.Final
[2025-09-15 16:24:59:3248][restartedMain] INFO  o.h.c.i.RegionFactoryInitiator - HHH000026: Second-level cache disabled
[2025-09-15 16:24:59:3450][restartedMain] INFO  o.s.o.j.p.SpringPersistenceUnitInfo - No LoadTimeWeaver setup: ignoring JPA class transformer
[2025-09-15 16:24:59:3469][restartedMain] INFO  com.zaxxer.hikari.HikariDataSource - HikariPool-1 - Starting...
[2025-09-15 16:24:59:3546][restartedMain] INFO  com.zaxxer.hikari.pool.HikariPool - HikariPool-1 - Added connection org.mariadb.jdbc.Connection@3b0b4414
[2025-09-15 16:24:59:3547][restartedMain] INFO  com.zaxxer.hikari.HikariDataSource - HikariPool-1 - Start completed.
[2025-09-15 16:24:59:3569][restartedMain] WARN  org.hibernate.orm.deprecation - HHH90000025: MariaDBDialect does not need to be specified explicitly using 'hibernate.dialect' (remove the property setting and it will be selected by default)
[2025-09-15 16:24:59:3586][restartedMain] INFO  o.hibernate.orm.connections.pooling - HHH10001005: Database info:
	Database JDBC URL [Connecting through datasource 'p6SpyDataSourceDecorator [com.p6spy.engine.spy.P6DataSource] -> dataSource [com.zaxxer.hikari.HikariDataSource]']
	Database driver: undefined/unknown
	Database version: 11.8.2
	Autocommit mode: undefined/unknown
	Isolation level: undefined/unknown
	Minimum pool size: undefined/unknown
	Maximum pool size: undefined/unknown
[2025-09-15 16:25:00:4302][restartedMain] INFO  o.h.e.t.j.p.i.JtaPlatformInitiator - HHH000489: No JTA platform available (set 'hibernate.transaction.jta.platform' to enable JTA platform integration)
[2025-09-15 16:25:00:4336][restartedMain] INFO  p6spy - 25.09.15 16:25:00 | OperationTime : 2ms | 
(P6Spy sql,Hibernate format):

    select
        table_name 
    from
        information_schema.TABLES 
    where
        table_schema=database() 
        and table_type='SEQUENCE'
[2025-09-15 16:25:00:4364][restartedMain] INFO  o.s.o.j.LocalContainerEntityManagerFactoryBean - Initialized JPA EntityManagerFactory for persistence unit 'default'
[2025-09-15 16:25:01:4765][restartedMain] INFO  o.s.d.j.r.q.QueryEnhancerFactory - Hibernate is in classpath; If applicable, HQL parser will be used.
[2025-09-15 16:25:02:5832][restartedMain] INFO  o.s.s.c.a.a.c.InitializeUserDetailsBeanManagerConfigurer$InitializeUserDetailsManagerConfigurer - Global AuthenticationManager configured with UserDetailsService bean with name inMemoryUserDetailsManager
[2025-09-15 16:25:02:5982][restartedMain] INFO  o.s.w.s.a.s.AnnotationActionEndpointMapping - Supporting [WS-Addressing August 2004, WS-Addressing 1.0]
[2025-09-15 16:25:02:6035][restartedMain] INFO  o.s.b.d.a.OptionalLiveReloadServer - LiveReload server is running on port 35729
[2025-09-15 16:25:02:6068][restartedMain] INFO  o.a.coyote.http11.Http11NioProtocol - Starting ProtocolHandler ["http-nio-9090"]
[2025-09-15 16:25:02:6082][restartedMain] INFO  o.s.b.w.e.tomcat.TomcatWebServer - Tomcat started on port 9090 (http) with context path '/'
[2025-09-15 16:25:02:6103][restartedMain] INFO  i.korea.app_boot.AppBootApplication - Started AppBootApplication in 5.649 seconds (process running for 6.595)
[2025-09-15 16:25:15:19659][http-nio-9090-exec-1] INFO  o.a.c.c.C.[Tomcat].[localhost].[/] - Initializing Spring DispatcherServlet 'dispatcherServlet'
[2025-09-15 16:25:15:19659][http-nio-9090-exec-1] INFO  o.s.web.servlet.DispatcherServlet - Initializing Servlet 'dispatcherServlet'
[2025-09-15 16:25:15:19660][http-nio-9090-exec-1] INFO  o.s.web.servlet.DispatcherServlet - Completed initialization in 1 ms
[2025-09-15 17:32:54:4078307][File Watcher] INFO  o.s.b.d.a.LocalDevToolsAutoConfiguration$RestartingClassPathChangeChangedEventListener - Restarting due to 2 class path changes (2 additions, 0 deletions, 0 modifications)
[2025-09-15 17:32:54:4078310][Thread-11] INFO  o.s.b.w.e.tomcat.GracefulShutdown - Commencing graceful shutdown. Waiting for active requests to complete
[2025-09-15 17:32:54:4078311][tomcat-shutdown] INFO  o.a.coyote.http11.Http11NioProtocol - Pausing ProtocolHandler ["http-nio-9090"]
[2025-09-15 17:32:54:4078313][tomcat-shutdown] INFO  o.s.b.w.e.tomcat.GracefulShutdown - Graceful shutdown complete
[2025-09-15 17:32:54:4078313][Thread-11] INFO  o.a.coyote.http11.Http11NioProtocol - Stopping ProtocolHandler ["http-nio-9090"]
[2025-09-15 17:32:54:4078316][Thread-11] INFO  o.s.o.j.LocalContainerEntityManagerFactoryBean - Closing JPA EntityManagerFactory for persistence unit 'default'
[2025-09-15 17:32:54:4078319][Thread-11] INFO  com.zaxxer.hikari.HikariDataSource - HikariPool-1 - Shutdown initiated...
[2025-09-15 17:32:54:4078322][Thread-11] INFO  com.zaxxer.hikari.HikariDataSource - HikariPool-1 - Shutdown completed.
[2025-09-15 17:32:54:4078429][restartedMain] INFO  i.korea.app_boot.AppBootApplication - Starting AppBootApplication using Java 21.0.7 with PID 11976 (C:\uiux_class\boot-workspace\app-boot\app-boot\build\classes\java\main started by ITSC in C:\uiux_class\boot-workspace\app-boot\app-boot)
[2025-09-15 17:32:54:4078430][restartedMain] INFO  i.korea.app_boot.AppBootApplication - No active profile set, falling back to 1 default profile: "default"
[2025-09-15 17:32:54:4078592][restartedMain] INFO  o.s.b.f.s.DefaultListableBeanFactory - Overriding bean definition for bean 'jpaAuditingHandler' with a different definition: replacing [Root bean: class=org.springframework.data.auditing.AuditingHandler; scope=; abstract=false; lazyInit=null; autowireMode=2; dependencyCheck=0; autowireCandidate=true; primary=false; fallback=false; factoryBeanName=null; factoryMethodName=from; initMethodNames=null; destroyMethodNames=null] with [Root bean: class=org.springframework.data.auditing.AuditingHandler; scope=; abstract=false; lazyInit=null; autowireMode=2; dependencyCheck=0; autowireCandidate=true; primary=false; fallback=false; factoryBeanName=null; factoryMethodName=from; initMethodNames=null; destroyMethodNames=null]
[2025-09-15 17:32:54:4078593][restartedMain] INFO  o.s.b.f.s.DefaultListableBeanFactory - Overriding bean definition for bean 'org.springframework.data.jpa.domain.support.AuditingEntityListener' with an equivalent definition: replacing [Root bean: class=org.springframework.data.jpa.domain.support.AuditingEntityListener; scope=; abstract=false; lazyInit=null; autowireMode=0; dependencyCheck=0; autowireCandidate=true; primary=false; fallback=false; factoryBeanName=null; factoryMethodName=null; initMethodNames=null; destroyMethodNames=null] with [Root bean: class=org.springframework.data.jpa.domain.support.AuditingEntityListener; scope=; abstract=false; lazyInit=null; autowireMode=0; dependencyCheck=0; autowireCandidate=true; primary=false; fallback=false; factoryBeanName=null; factoryMethodName=null; initMethodNames=null; destroyMethodNames=null]
[2025-09-15 17:32:54:4078593][restartedMain] INFO  o.s.b.f.s.DefaultListableBeanFactory - Overriding bean definition for bean 'org.springframework.data.jpa.domain.support.AuditingBeanFactoryPostProcessor' with an equivalent definition: replacing [Root bean: class=org.springframework.data.jpa.domain.support.AuditingBeanFactoryPostProcessor; scope=; abstract=false; lazyInit=null; autowireMode=0; dependencyCheck=0; autowireCandidate=true; primary=false; fallback=false; factoryBeanName=null; factoryMethodName=null; initMethodNames=null; destroyMethodNames=null] with [Root bean: class=org.springframework.data.jpa.domain.support.AuditingBeanFactoryPostProcessor; scope=; abstract=false; lazyInit=null; autowireMode=0; dependencyCheck=0; autowireCandidate=true; primary=false; fallback=false; factoryBeanName=null; factoryMethodName=null; initMethodNames=null; destroyMethodNames=null]
[2025-09-15 17:32:54:4078647][restartedMain] INFO  o.s.d.r.c.RepositoryConfigurationDelegate - Bootstrapping Spring Data JPA repositories in DEFAULT mode.
[2025-09-15 17:32:54:4078672][restartedMain] INFO  o.s.d.r.c.RepositoryConfigurationDelegate - Finished Spring Data repository scanning in 23 ms. Found 3 JPA repository interfaces.
[2025-09-15 17:32:55:4078768][restartedMain] INFO  o.s.b.f.s.DefaultListableBeanFactory - Overriding bean definition for bean 'characterEncodingFilter' with a different definition: replacing [Root bean: class=null; scope=; abstract=false; lazyInit=null; autowireMode=3; dependencyCheck=0; autowireCandidate=true; primary=false; fallback=false; factoryBeanName=webConfig; factoryMethodName=characterEncodingFilter; initMethodNames=null; destroyMethodNames=[(inferred)]; defined in class path resource [it/korea/app_boot/common/config/WebConfig.class]] with [Root bean: class=null; scope=; abstract=false; lazyInit=null; autowireMode=3; dependencyCheck=0; autowireCandidate=true; primary=false; fallback=false; factoryBeanName=org.springframework.boot.autoconfigure.web.servlet.HttpEncodingAutoConfiguration; factoryMethodName=characterEncodingFilter; initMethodNames=null; destroyMethodNames=[(inferred)]; defined in class path resource [org/springframework/boot/autoconfigure/web/servlet/HttpEncodingAutoConfiguration.class]]
[2025-09-15 17:32:55:4078929][restartedMain] INFO  o.s.b.w.e.tomcat.TomcatWebServer - Tomcat initialized with port 9090 (http)
[2025-09-15 17:32:55:4078931][restartedMain] INFO  o.a.coyote.http11.Http11NioProtocol - Initializing ProtocolHandler ["http-nio-9090"]
[2025-09-15 17:32:55:4078932][restartedMain] INFO  o.a.catalina.core.StandardService - Starting service [Tomcat]
[2025-09-15 17:32:55:4078932][restartedMain] INFO  o.a.catalina.core.StandardEngine - Starting Servlet engine: [Apache Tomcat/10.1.44]
[2025-09-15 17:32:55:4078975][restartedMain] INFO  o.a.c.c.C.[Tomcat].[localhost].[/] - Initializing Spring embedded WebApplicationContext
[2025-09-15 17:32:55:4078976][restartedMain] INFO  o.s.b.w.s.c.ServletWebServerApplicationContext - Root WebApplicationContext: initialization completed in 544 ms
[2025-09-15 17:32:55:4079067][restartedMain] INFO  o.h.jpa.internal.util.LogHelper - HHH000204: Processing PersistenceUnitInfo [name: default]
[2025-09-15 17:32:55:4079071][restartedMain] INFO  o.h.c.i.RegionFactoryInitiator - HHH000026: Second-level cache disabled
[2025-09-15 17:32:55:4079083][restartedMain] INFO  o.s.o.j.p.SpringPersistenceUnitInfo - No LoadTimeWeaver setup: ignoring JPA class transformer
[2025-09-15 17:32:55:4079085][restartedMain] INFO  com.zaxxer.hikari.HikariDataSource - HikariPool-2 - Starting...
[2025-09-15 17:32:55:4079089][restartedMain] INFO  com.zaxxer.hikari.pool.HikariPool - HikariPool-2 - Added connection org.mariadb.jdbc.Connection@60e2ef3e
[2025-09-15 17:32:55:4079089][restartedMain] INFO  com.zaxxer.hikari.HikariDataSource - HikariPool-2 - Start completed.
[2025-09-15 17:32:55:4079091][restartedMain] WARN  org.hibernate.orm.deprecation - HHH90000025: MariaDBDialect does not need to be specified explicitly using 'hibernate.dialect' (remove the property setting and it will be selected by default)
[2025-09-15 17:32:55:4079092][restartedMain] INFO  o.hibernate.orm.connections.pooling - HHH10001005: Database info:
	Database JDBC URL [Connecting through datasource 'p6SpyDataSourceDecorator [com.p6spy.engine.spy.P6DataSource] -> dataSource [com.zaxxer.hikari.HikariDataSource]']
	Database driver: undefined/unknown
	Database version: 11.8.2
	Autocommit mode: undefined/unknown
	Isolation level: undefined/unknown
	Minimum pool size: undefined/unknown
	Maximum pool size: undefined/unknown
[2025-09-15 17:32:55:4079212][restartedMain] INFO  o.h.e.t.j.p.i.JtaPlatformInitiator - HHH000489: No JTA platform available (set 'hibernate.transaction.jta.platform' to enable JTA platform integration)
[2025-09-15 17:32:55:4079217][restartedMain] INFO  p6spy - 25.09.15 17:32:55 | OperationTime : 2ms | 
(P6Spy sql,Hibernate format):

    select
        table_name 
    from
        information_schema.TABLES 
    where
        table_schema=database() 
        and table_type='SEQUENCE'
[2025-09-15 17:32:55:4079238][restartedMain] INFO  o.s.o.j.LocalContainerEntityManagerFactoryBean - Initialized JPA EntityManagerFactory for persistence unit 'default'
[2025-09-15 17:32:55:4079491][restartedMain] INFO  o.s.s.c.a.a.c.InitializeUserDetailsBeanManagerConfigurer$InitializeUserDetailsManagerConfigurer - Global AuthenticationManager configured with UserDetailsService bean with name inMemoryUserDetailsManager
[2025-09-15 17:32:55:4079506][restartedMain] WARN  o.s.s.c.a.web.builders.WebSecurity - You are asking Spring Security to ignore Deferred [Mvc [pattern='/**'], Ant [pattern='/**']]. This is not recommended -- please use permitAll via HttpSecurity#authorizeHttpRequests instead.
[2025-09-15 17:32:55:4079624][restartedMain] INFO  o.s.w.s.a.s.AnnotationActionEndpointMapping - Supporting [WS-Addressing August 2004, WS-Addressing 1.0]
[2025-09-15 17:32:55:4079635][restartedMain] INFO  o.s.b.d.a.OptionalLiveReloadServer - LiveReload server is running on port 35729
[2025-09-15 17:32:55:4079644][restartedMain] INFO  o.a.coyote.http11.Http11NioProtocol - Starting ProtocolHandler ["http-nio-9090"]
[2025-09-15 17:32:55:4079648][restartedMain] INFO  o.s.b.w.e.tomcat.TomcatWebServer - Tomcat started on port 9090 (http) with context path '/'
[2025-09-15 17:32:55:4079652][restartedMain] INFO  i.korea.app_boot.AppBootApplication - Started AppBootApplication in 1.27 seconds (process running for 4080.144)
[2025-09-15 17:32:55:4079662][restartedMain] INFO  o.s.b.d.a.ConditionEvaluationDeltaLoggingListener - Condition evaluation delta:


==========================
CONDITION EVALUATION DELTA
==========================


Positive matches:
-----------------

    None


Negative matches:
-----------------

   SpringBootWebSecurityConfiguration.WebSecurityEnablerConfiguration:
      Did not match:
         - @ConditionalOnMissingBean (names: springSecurityFilterChain; SearchStrategy: all) found beans named springSecurityFilterChain (OnBeanCondition)
      Matched:
         - @ConditionalOnClass found required class 'org.springframework.security.config.annotation.web.configuration.EnableWebSecurity' (OnClassCondition)


Exclusions:
-----------

    None


Unconditional classes:
----------------------

    None



